<?xml version="1.0" encoding="UTF-8"?>
<testsuite xmlns:xsi="http://www.w3.org/2001/XMLSchema-instance" xsi:noNamespaceSchemaLocation="https://maven.apache.org/surefire/maven-surefire-plugin/xsd/surefire-test-report-3.0.xsd" version="3.0" name="TestSuite" time="95.493" tests="1" errors="0" skipped="0" failures="0">
  <properties>
[...]
</properties>
  <testcase name="runScenario[&quot;Verify that compare toggle can be switched on successfully in all views and all charts are fully loaded&quot;, &quot;Date Comparison&quot;](1)" classname="runner.CucumberTestRunner" time="82.357">
    <system-out><![CDATA[&amp#27;[38;2;0;96;168;1m[INFO]&amp#27;[m &amp#27;[m
&amp#27;[0;7m------------------------------------------------------------------------------------------------------------------------------------------------
                                                    Powered by &amp#27;[1mSHAFT v.7.4.20231015&amp#27;[22m                                                    
------------------------------------------------------------------------------------------------------------------------------------------------
&amp#27;[0m &amp#27;[m&amp#27;[90m| com.shaft.tools.io.ReportManager&amp#27;[m &amp#27;[90m- main&amp#27;[m &amp#27;[90m- 03:25:53 PM&amp#27;[m 
&amp#27;[38;2;0;96;168;1m[INFO]&amp#27;[m &amp#27;[mLoaded OpenCV "opencv_java470". &amp#27;[m&amp#27;[90m| com.shaft.tools.io.ReportManager&amp#27;[m &amp#27;[90m- main&amp#27;[m &amp#27;[90m- 03:25:55 PM&amp#27;[m 
&amp#27;[38;2;0;96;168;1m[INFO]&amp#27;[m &amp#27;[mInitializing Allure Reporting Environment... &amp#27;[m&amp#27;[90m| com.shaft.tools.io.ReportManager&amp#27;[m &amp#27;[90m- main&amp#27;[m &amp#27;[90m- 03:25:55 PM&amp#27;[m 
&amp#27;[38;2;0;96;168;1m[INFO]&amp#27;[m &amp#27;[mInitializing Summary Reporting Environment... &amp#27;[m&amp#27;[90m| com.shaft.tools.io.ReportManager&amp#27;[m &amp#27;[90m- main&amp#27;[m &amp#27;[90m- 03:25:56 PM&amp#27;[m 
&amp#27;[38;2;0;96;168;1m[INFO]&amp#27;[m &amp#27;[mTestNG run detected... &amp#27;[m&amp#27;[90m| com.shaft.tools.io.ReportManager&amp#27;[m &amp#27;[90m- main&amp#27;[m &amp#27;[90m- 03:25:56 PM&amp#27;[m 
&amp#27;[38;2;0;96;168;1m[INFO]&amp#27;[m &amp#27;[m
&amp#27;[0;7m------------------------------------------------------------------------------------------------------------------------------------------------
                                             Starting execution of suite setup configuration method                                             
                                          'com.shaft.listeners.internal.ConfigurationHelper.suiteSetup'                                          
------------------------------------------------------------------------------------------------------------------------------------------------
&amp#27;[0m &amp#27;[m&amp#27;[90m| com.shaft.tools.io.ReportManager&amp#27;[m &amp#27;[90m- main&amp#27;[m &amp#27;[90m- 03:25:57 PM&amp#27;[m 
&amp#27;[38;2;0;96;168;1m[INFO]&amp#27;[m &amp#27;[mInitializing Important Links... &amp#27;[m&amp#27;[90m| com.shaft.tools.io.ReportManager&amp#27;[m &amp#27;[90m- main&amp#27;[m &amp#27;[90m- 03:25:57 PM&amp#27;[m 
&amp#27;[38;2;0;96;168;1m[INFO]&amp#27;[m &amp#27;[mInitializing Properties... &amp#27;[m&amp#27;[90m| com.shaft.tools.io.ReportManager&amp#27;[m &amp#27;[90m- main&amp#27;[m &amp#27;[90m- 03:25:57 PM&amp#27;[m 
&amp#27;[38;2;0;96;168;1m[INFO]&amp#27;[m &amp#27;[mFile Action "DoesFileExist" successfully performed. With the following test data "File Path: "/C:/ProgramData/Jenkins/.jenkins/workspace/pipline_job/src/test/resources/features/TC65_DashboardDateComparison.feature"". &amp#27;[m&amp#27;[90m| com.shaft.tools.io.ReportManager&amp#27;[m &amp#27;[90m- TestNG-test=cucumber test runner-1&amp#27;[m &amp#27;[90m- 03:26:01 PM&amp#27;[m 
&amp#27;[38;2;0;96;168;1m[INFO]&amp#27;[m &amp#27;[mFile Action "GetAbsolutePath" successfully performed. With the following test data "Relative Folder Path: "/C:/ProgramData/Jenkins/.jenkins/workspace/pipline_job/src/test/resources/features/TC65_DashboardDateComparison.feature"". &amp#27;[m&amp#27;[90m| com.shaft.tools.io.ReportManager&amp#27;[m &amp#27;[90m- TestNG-test=cucumber test runner-1&amp#27;[m &amp#27;[90m- 03:26:01 PM&amp#27;[m 
&amp#27;[38;2;0;96;168;1m[INFO]&amp#27;[m &amp#27;[mFile Action "ReadFile" successfully performed. With the following test data "File Path: "C:\ProgramData\Jenkins\.jenkins\workspace\pipline_job\src\test\resources\features\TC65_DashboardDateComparison.feature"". &amp#27;[m&amp#27;[90m| com.shaft.tools.io.ReportManager&amp#27;[m &amp#27;[90m- TestNG-test=cucumber test runner-1&amp#27;[m &amp#27;[90m- 03:26:01 PM&amp#27;[m 
&amp#27;[38;2;0;96;168;1m[INFO]&amp#27;[m &amp#27;[m@regression &amp#27;[m&amp#27;[90m| com.shaft.tools.io.ReportManager&amp#27;[m &amp#27;[90m- TestNG-test=cucumber test runner-1&amp#27;[m &amp#27;[90m- 03:26:01 PM&amp#27;[m 
&amp#27;[38;2;0;96;168;1m[INFO]&amp#27;[m &amp#27;[mScenario Outline: Verify that compare toggle can be switched on successfully in all views and all charts are fully loaded &amp#27;[90m# src/test/resources/features/TC65_DashboardDateComparison.feature:15&amp#27;[0m &amp#27;[m&amp#27;[90m| com.shaft.tools.io.ReportManager&amp#27;[m &amp#27;[90m- TestNG-test=cucumber test runner-1&amp#27;[m &amp#27;[90m- 03:26:01 PM&amp#27;[m 
&amp#27;[38;2;0;96;168;1m[INFO]&amp#27;[m &amp#27;[mFile Action "DoesFileExist" successfully performed. With the following test data "File Path: "/C:/ProgramData/Jenkins/.jenkins/workspace/pipline_job/src/test/resources/features/TC65_DashboardDateComparison.feature"". &amp#27;[m&amp#27;[90m| com.shaft.tools.io.ReportManager&amp#27;[m &amp#27;[90m- TestNG-test=cucumber test runner-1&amp#27;[m &amp#27;[90m- 03:26:01 PM&amp#27;[m 
&amp#27;[38;2;0;96;168;1m[INFO]&amp#27;[m &amp#27;[mFile Action "GetAbsolutePath" successfully performed. With the following test data "Relative Folder Path: "/C:/ProgramData/Jenkins/.jenkins/workspace/pipline_job/src/test/resources/features/TC65_DashboardDateComparison.feature"". &amp#27;[m&amp#27;[90m| com.shaft.tools.io.ReportManager&amp#27;[m &amp#27;[90m- TestNG-test=cucumber test runner-1&amp#27;[m &amp#27;[90m- 03:26:01 PM&amp#27;[m 
&amp#27;[38;2;0;96;168;1m[INFO]&amp#27;[m &amp#27;[mFile Action "ReadFile" successfully performed. With the following test data "File Path: "C:\ProgramData\Jenkins\.jenkins\workspace\pipline_job\src\test\resources\features\TC65_DashboardDateComparison.feature"". &amp#27;[m&amp#27;[90m| com.shaft.tools.io.ReportManager&amp#27;[m &amp#27;[90m- TestNG-test=cucumber test runner-1&amp#27;[m &amp#27;[90m- 03:26:01 PM&amp#27;[m 
&amp#27;[31;1m[ERROR]&amp#27;[m &amp#27;[mCould not update test case: no test case running &amp#27;[m&amp#27;[90m| io.qameta.allure.AllureLifecycle&amp#27;[m &amp#27;[90m- TestNG-test=cucumber test runner-1&amp#27;[m &amp#27;[90m- 03:26:01 PM&amp#27;[m 
&amp#27;[31;1m[ERROR]&amp#27;[m &amp#27;[mCould not update test case: no test case running &amp#27;[m&amp#27;[90m| io.qameta.allure.AllureLifecycle&amp#27;[m &amp#27;[90m- TestNG-test=cucumber test runner-1&amp#27;[m &amp#27;[90m- 03:26:01 PM&amp#27;[m 
&amp#27;[31;1m[ERROR]&amp#27;[m &amp#27;[mCould not update test case: no test case running &amp#27;[m&amp#27;[90m| io.qameta.allure.AllureLifecycle&amp#27;[m &amp#27;[90m- TestNG-test=cucumber test runner-1&amp#27;[m &amp#27;[90m- 03:26:01 PM&amp#27;[m 
&amp#27;[38;2;0;96;168;1m[INFO]&amp#27;[m &amp#27;[m
&amp#27;[0;7m------------------------------------------------------------------------------------------------------------------------------------------------
                                   Starting Execution: "1 out of 1" scenarios in the "Date Comparison" feature                                   
        Scenario Outline Name: "Verify that compare toggle can be switched on successfully in all views and all charts are fully loaded"        
                                                             Scenario Outline Steps:                                                             
                                Given User is logged in with "mahmoud227572" credentials and in console home page                                
                                                    When Click Try our new enhanced dashboard                                                    
                                                              And Click "Day" view                                                              
                                                            And Click Compare Toggle                                                            
                                       Then Compare Toggle is switched on and Comparison Date is displayed                                       
                                                         And All charts are fully loaded                                                         
------------------------------------------------------------------------------------------------------------------------------------------------
&amp#27;[0m &amp#27;[m&amp#27;[90m| com.shaft.tools.io.ReportManager&amp#27;[m &amp#27;[90m- TestNG-test=cucumber test runner-1&amp#27;[m &amp#27;[90m- 03:26:01 PM&amp#27;[m 
&amp#27;[38;2;0;96;168;1m[INFO]&amp#27;[m &amp#27;[mScenario Hook: BEFORE &amp#27;[m&amp#27;[90m| com.shaft.tools.io.ReportManager&amp#27;[m &amp#27;[90m- TestNG-test=cucumber test runner-1&amp#27;[m &amp#27;[90m- 03:26:01 PM&amp#27;[m 
&amp#27;[38;2;0;96;168;1m[INFO]&amp#27;[m &amp#27;[mSetting "targetOperatingSystem" property with "windows". &amp#27;[m&amp#27;[90m| com.shaft.tools.io.ReportManager&amp#27;[m &amp#27;[90m- TestNG-test=cucumber test runner-1&amp#27;[m &amp#27;[90m- 03:26:01 PM&amp#27;[m 
&amp#27;[38;2;0;96;168;1m[INFO]&amp#27;[m &amp#27;[mCapabilities {acceptInsecureCerts: true, browserName: chrome, goog:chromeOptions: {args: [--start-maximized, --remote-allow-origins=*, --enable-automation, --disable-background-timer-..., --disable-backgrounding-occ..., --disable-features=Calculat..., --disable-hang-monitor, --disable-domain-reliability, --disable-renderer-backgrou..., --disable-features=Autofill..., --metrics-recording-only, --no-first-run, --no-default-browser-check, --silent-debugger-extension..., --disable-extensions, --disable-component-extensi..., --disable-dev-shm-usage, --disable-features=MediaRouter, --disable-features=Translate, --disable-ipc-flooding-prot..., --disable-background-networ..., --mute-audio, --disable-breakpad, --ignore-certificate-errors, --disable-device-discovery-..., --force-color-profile=srgb, --hide-scrollbars, --host-resolver-rules, --no-pings, --disable-features=AvoidUnn..., --disable-features=Certific..., --disable-sync, --disable-features=Optimiza..., --disable-features=DialMedi..., --disable-features=GlobalMe..., --disable-features=Improved..., --disable-features=LazyFram..., --disable-field-trial-config, --enable-features=NetworkSe..., --enable-features=NetworkSe..., --enable-use-zoom-for-dsf, --log-net-log, --net-log-capture-mode, --disable-client-side-phish..., --disable-default-apps, --disable-features=Interest...], extensions: [], prefs: {download.default_directory: C:\ProgramData\Jenkins\.jen..., download.prompt_for_download: false, profile.default_content_settings.popups: 0}}, pageLoadStrategy: none, timeouts: {pageLoad: 30000, script: 30000}, unhandledPromptBehavior: ignore, webSocketUrl: true} &amp#27;[m&amp#27;[90m| com.shaft.tools.io.ReportManager&amp#27;[m &amp#27;[90m- TestNG-test=cucumber test runner-1&amp#27;[m &amp#27;[90m- 03:26:01 PM&amp#27;[m 
&amp#27;[38;2;0;96;168;1m[INFO]&amp#27;[m &amp#27;[mAttempting to run locally on: "windows | Chrome". &amp#27;[m&amp#27;[90m| com.shaft.tools.io.ReportManager&amp#27;[m &amp#27;[90m- TestNG-test=cucumber test runner-1&amp#27;[m &amp#27;[90m- 03:26:01 PM&amp#27;[m 
&amp#27;[38;2;0;96;168;1m[INFO]&amp#27;[m &amp#27;[mIdentifying OS/Driver combination. Please note that if a new browser/driver executable will be downloaded it may take some time depending on your connection... &amp#27;[m&amp#27;[90m| com.shaft.tools.io.ReportManager&amp#27;[m &amp#27;[90m- TestNG-test=cucumber test runner-1&amp#27;[m &amp#27;[90m- 03:26:01 PM&amp#27;[m 
&amp#27;[33;1m[WARN]&amp#27;[m &amp#27;[mDec 07, 2023 3:26:07 PM org.openqa.selenium.devtools.CdpVersionFinder findNearestMatch &amp#27;[m&amp#27;[90m| com.shaft.tools.io.ReportManager&amp#27;[m &amp#27;[90m- TestNG-test=cucumber test runner-1&amp#27;[m &amp#27;[90m- 03:26:08 PM&amp#27;[m 
&amp#27;[33;1m[WARN]&amp#27;[m &amp#27;[mWARNING: Unable to find an exact match for CDP version 119, so returning the closest version found: 117 &amp#27;[m&amp#27;[90m| com.shaft.tools.io.ReportManager&amp#27;[m &amp#27;[90m- TestNG-test=cucumber test runner-1&amp#27;[m &amp#27;[90m- 03:26:08 PM&amp#27;[m 
&amp#27;[38;2;0;96;168;1m[INFO]&amp#27;[m &amp#27;[mSuccessfully Opened: "windows | Chrome". &amp#27;[m&amp#27;[90m| com.shaft.tools.io.ReportManager&amp#27;[m &amp#27;[90m- TestNG-test=cucumber test runner-1&amp#27;[m &amp#27;[90m- 03:26:08 PM&amp#27;[m 
&amp#27;[38;2;0;96;168;1m[INFO]&amp#27;[m &amp#27;[mTarget URL: "https://console.foodics.dev/" &amp#27;[m&amp#27;[90m| com.shaft.tools.io.ReportManager&amp#27;[m &amp#27;[90m- TestNG-test=cucumber test runner-1&amp#27;[m &amp#27;[90m- 03:26:08 PM&amp#27;[m 
&amp#27;[38;2;0;96;168;1m[INFO]&amp#27;[m &amp#27;[mInitial URL: "about:blank" &amp#27;[m&amp#27;[90m| com.shaft.tools.io.ReportManager&amp#27;[m &amp#27;[90m- TestNG-test=cucumber test runner-1&amp#27;[m &amp#27;[90m- 03:26:08 PM&amp#27;[m 
&amp#27;[38;2;0;96;168;1m[INFO]&amp#27;[m &amp#27;[mSuccessfully created attachment 'Screenshot - 1701955570607_runScenario_Navigate to url_passed' &amp#27;[m&amp#27;[90m| com.shaft.tools.io.ReportManager&amp#27;[m &amp#27;[90m- TestNG-test=cucumber test runner-1&amp#27;[m &amp#27;[90m- 03:26:11 PM&amp#27;[m 
&amp#27;[38;2;0;96;168;1m[INFO]&amp#27;[m &amp#27;[mScenario Step: Given User is logged in with "mahmoud227572" credentials and in console home page &amp#27;[m&amp#27;[90m| com.shaft.tools.io.ReportManager&amp#27;[m &amp#27;[90m- TestNG-test=cucumber test runner-1&amp#27;[m &amp#27;[90m- 03:26:11 PM&amp#27;[m 
&amp#27;[38;2;0;96;168;1m[INFO]&amp#27;[m &amp#27;[mSuccessfully created attachment 'Screenshot - 1701955572853_runScenario_Type_passed' &amp#27;[m&amp#27;[90m| com.shaft.tools.io.ReportManager&amp#27;[m &amp#27;[90m- TestNG-test=cucumber test runner-1&amp#27;[m &amp#27;[90m- 03:26:12 PM&amp#27;[m 
&amp#27;[38;2;0;96;168;1m[INFO]&amp#27;[m &amp#27;[mClick element. &amp#27;[m&amp#27;[90m| com.shaft.tools.io.ReportManager&amp#27;[m &amp#27;[90m- TestNG-test=cucumber test runner-1&amp#27;[m &amp#27;[90m- 03:26:13 PM&amp#27;[m 
&amp#27;[38;2;0;96;168;1m[INFO]&amp#27;[m &amp#27;[mSuccessfully created attachment 'Screenshot - 1701955577081_runScenario_Type_passed' &amp#27;[m&amp#27;[90m| com.shaft.tools.io.ReportManager&amp#27;[m &amp#27;[90m- TestNG-test=cucumber test runner-1&amp#27;[m &amp#27;[90m- 03:26:17 PM&amp#27;[m 
&amp#27;[38;2;0;96;168;1m[INFO]&amp#27;[m &amp#27;[mClick element. &amp#27;[m&amp#27;[90m| com.shaft.tools.io.ReportManager&amp#27;[m &amp#27;[90m- TestNG-test=cucumber test runner-1&amp#27;[m &amp#27;[90m- 03:26:17 PM&amp#27;[m 
&amp#27;[38;2;0;96;168;1m[INFO]&amp#27;[m &amp#27;[mSuccessfully created attachment 'Screenshot - 1701955585395_runScenario_Type_passed' &amp#27;[m&amp#27;[90m| com.shaft.tools.io.ReportManager&amp#27;[m &amp#27;[90m- TestNG-test=cucumber test runner-1&amp#27;[m &amp#27;[90m- 03:26:25 PM&amp#27;[m 
&amp#27;[38;2;0;96;168;1m[INFO]&amp#27;[m &amp#27;[mSuccessfully created attachment 'Screenshot - 1701955587382_runScenario_Type_passed' &amp#27;[m&amp#27;[90m| com.shaft.tools.io.ReportManager&amp#27;[m &amp#27;[90m- TestNG-test=cucumber test runner-1&amp#27;[m &amp#27;[90m- 03:26:27 PM&amp#27;[m 
&amp#27;[38;2;0;96;168;1m[INFO]&amp#27;[m &amp#27;[mSuccessfully created attachment 'Screenshot - 1701955588178_runScenario_Type_passed' &amp#27;[m&amp#27;[90m| com.shaft.tools.io.ReportManager&amp#27;[m &amp#27;[90m- TestNG-test=cucumber test runner-1&amp#27;[m &amp#27;[90m- 03:26:28 PM&amp#27;[m 
&amp#27;[38;2;0;96;168;1m[INFO]&amp#27;[m &amp#27;[mClick "Log In". &amp#27;[m&amp#27;[90m| com.shaft.tools.io.ReportManager&amp#27;[m &amp#27;[90m- TestNG-test=cucumber test runner-1&amp#27;[m &amp#27;[90m- 03:26:28 PM&amp#27;[m 
&amp#27;[38;2;0;96;168;1m[INFO]&amp#27;[m &amp#27;[mExpected condition failed: waiting for com.shaft.listeners.internal.WebDriverListener$$Lambda$1158/0x0000000801306a60@542ed404 (tried for 0 second(s) with 100 milliseconds interval) || no such element: Unable to locate element: {"method":"xpath","selector":"//*[@id="nprogress"]/div[1]"} &amp#27;[m&amp#27;[90m| com.shaft.tools.io.ReportManager&amp#27;[m &amp#27;[90m- TestNG-test=cucumber test runner-1&amp#27;[m &amp#27;[90m- 03:26:30 PM&amp#27;[m 
&amp#27;[33;1m[WARN]&amp#27;[m &amp#27;[mDec 07, 2023 3:26:30 PM org.openqa.selenium.support.events.EventFiringDecorator callListenerMethod &amp#27;[m&amp#27;[90m| com.shaft.tools.io.ReportManager&amp#27;[m &amp#27;[90m- TestNG-test=cucumber test runner-1&amp#27;[m &amp#27;[90m- 03:26:30 PM&amp#27;[m 
&amp#27;[33;1m[WARN]&amp#27;[m &amp#27;[mWARNING: null &amp#27;[m&amp#27;[90m| com.shaft.tools.io.ReportManager&amp#27;[m &amp#27;[90m- TestNG-test=cucumber test runner-1&amp#27;[m &amp#27;[90m- 03:26:30 PM&amp#27;[m 
&amp#27;[33;1m[WARN]&amp#27;[m &amp#27;[mjava.lang.reflect.InvocationTargetException &amp#27;[m&amp#27;[90m| com.shaft.tools.io.ReportManager&amp#27;[m &amp#27;[90m- TestNG-test=cucumber test runner-1&amp#27;[m &amp#27;[90m- 03:26:30 PM&amp#27;[m 
&amp#27;[33;1m[WARN]&amp#27;[m &amp#27;[m	at java.base/jdk.internal.reflect.NativeMethodAccessorImpl.invoke0(Native Method) &amp#27;[m&amp#27;[90m| com.shaft.tools.io.ReportManager&amp#27;[m &amp#27;[90m- TestNG-test=cucumber test runner-1&amp#27;[m &amp#27;[90m- 03:26:30 PM&amp#27;[m 
&amp#27;[33;1m[WARN]&amp#27;[m &amp#27;[m	at java.base/jdk.internal.reflect.NativeMethodAccessorImpl.invoke(NativeMethodAccessorImpl.java:77) &amp#27;[m&amp#27;[90m| com.shaft.tools.io.ReportManager&amp#27;[m &amp#27;[90m- TestNG-test=cucumber test runner-1&amp#27;[m &amp#27;[90m- 03:26:30 PM&amp#27;[m 
&amp#27;[33;1m[WARN]&amp#27;[m &amp#27;[m	at java.base/jdk.internal.reflect.DelegatingMethodAccessorImpl.invoke(DelegatingMethodAccessorImpl.java:43) &amp#27;[m&amp#27;[90m| com.shaft.tools.io.ReportManager&amp#27;[m &amp#27;[90m- TestNG-test=cucumber test runner-1&amp#27;[m &amp#27;[90m- 03:26:30 PM&amp#27;[m 
&amp#27;[33;1m[WARN]&amp#27;[m &amp#27;[m	at java.base/java.lang.reflect.Method.invoke(Method.java:568) &amp#27;[m&amp#27;[90m| com.shaft.tools.io.ReportManager&amp#27;[m &amp#27;[90m- TestNG-test=cucumber test runner-1&amp#27;[m &amp#27;[90m- 03:26:30 PM&amp#27;[m 
&amp#27;[33;1m[WARN]&amp#27;[m &amp#27;[m	at org.openqa.selenium.support.events.EventFiringDecorator.callListenerMethod(EventFiringDecorator.java:328) &amp#27;[m&amp#27;[90m| com.shaft.tools.io.ReportManager&amp#27;[m &amp#27;[90m- TestNG-test=cucumber test runner-1&amp#27;[m &amp#27;[90m- 03:26:30 PM&amp#27;[m 
&amp#27;[33;1m[WARN]&amp#27;[m &amp#27;[m	at org.openqa.selenium.support.events.EventFiringDecorator.fireBeforeEvents(EventFiringDecorator.java:245) &amp#27;[m&amp#27;[90m| com.shaft.tools.io.ReportManager&amp#27;[m &amp#27;[90m- TestNG-test=cucumber test runner-1&amp#27;[m &amp#27;[90m- 03:26:30 PM&amp#27;[m 
&amp#27;[33;1m[WARN]&amp#27;[m &amp#27;[m	at org.openqa.selenium.support.events.EventFiringDecorator.lambda$beforeCall$0(EventFiringDecorator.java:181) &amp#27;[m&amp#27;[90m| com.shaft.tools.io.ReportManager&amp#27;[m &amp#27;[90m- TestNG-test=cucumber test runner-1&amp#27;[m &amp#27;[90m- 03:26:30 PM&amp#27;[m 
&amp#27;[33;1m[WARN]&amp#27;[m &amp#27;[m	at java.base/java.util.Arrays$ArrayList.forEach(Arrays.java:4204) &amp#27;[m&amp#27;[90m| com.shaft.tools.io.ReportManager&amp#27;[m &amp#27;[90m- TestNG-test=cucumber test runner-1&amp#27;[m &amp#27;[90m- 03:26:30 PM&amp#27;[m 
&amp#27;[33;1m[WARN]&amp#27;[m &amp#27;[m	at org.openqa.selenium.support.events.EventFiringDecorator.beforeCall(EventFiringDecorator.java:181) &amp#27;[m&amp#27;[90m| com.shaft.tools.io.ReportManager&amp#27;[m &amp#27;[90m- TestNG-test=cucumber test runner-1&amp#27;[m &amp#27;[90m- 03:26:30 PM&amp#27;[m 
&amp#27;[33;1m[WARN]&amp#27;[m &amp#27;[m	at org.openqa.selenium.support.decorators.DefaultDecorated.beforeCall(DefaultDecorated.java:43) &amp#27;[m&amp#27;[90m| com.shaft.tools.io.ReportManager&amp#27;[m &amp#27;[90m- TestNG-test=cucumber test runner-1&amp#27;[m &amp#27;[90m- 03:26:30 PM&amp#27;[m 
&amp#27;[33;1m[WARN]&amp#27;[m &amp#27;[m	at org.openqa.selenium.support.decorators.WebDriverDecorator.lambda$createProxy$2(WebDriverDecorator.java:320) &amp#27;[m&amp#27;[90m| com.shaft.tools.io.ReportManager&amp#27;[m &amp#27;[90m- TestNG-test=cucumber test runner-1&amp#27;[m &amp#27;[90m- 03:26:30 PM&amp#27;[m 
&amp#27;[33;1m[WARN]&amp#27;[m &amp#27;[m	at net.bytebuddy.renamed.java.lang.Object$ByteBuddy$D1KfSLQT.findElement(Unknown Source) &amp#27;[m&amp#27;[90m| com.shaft.tools.io.ReportManager&amp#27;[m &amp#27;[90m- TestNG-test=cucumber test runner-1&amp#27;[m &amp#27;[90m- 03:26:30 PM&amp#27;[m 
&amp#27;[33;1m[WARN]&amp#27;[m &amp#27;[m	at utils.Wait.waitInVisibilityOfProgressBar(Wait.java:65) &amp#27;[m&amp#27;[90m| com.shaft.tools.io.ReportManager&amp#27;[m &amp#27;[90m- TestNG-test=cucumber test runner-1&amp#27;[m &amp#27;[90m- 03:26:30 PM&amp#27;[m 
&amp#27;[33;1m[WARN]&amp#27;[m &amp#27;[m	at pages.LoginPage.clickOnLoginButton(LoginPage.java:38) &amp#27;[m&amp#27;[90m| com.shaft.tools.io.ReportManager&amp#27;[m &amp#27;[90m- TestNG-test=cucumber test runner-1&amp#27;[m &amp#27;[90m- 03:26:30 PM&amp#27;[m 
&amp#27;[33;1m[WARN]&amp#27;[m &amp#27;[m	at pages.LoginPage.loginToConsole(LoginPage.java:52) &amp#27;[m&amp#27;[90m| com.shaft.tools.io.ReportManager&amp#27;[m &amp#27;[90m- TestNG-test=cucumber test runner-1&amp#27;[m &amp#27;[90m- 03:26:30 PM&amp#27;[m 
&amp#27;[33;1m[WARN]&amp#27;[m &amp#27;[m	at steps.TC65_DashboardDateComparison.userIsLoggedInToConsole(TC65_DashboardDateComparison.java:27) &amp#27;[m&amp#27;[90m| com.shaft.tools.io.ReportManager&amp#27;[m &amp#27;[90m- TestNG-test=cucumber test runner-1&amp#27;[m &amp#27;[90m- 03:26:30 PM&amp#27;[m 
&amp#27;[33;1m[WARN]&amp#27;[m &amp#27;[m	at java.base/jdk.internal.reflect.NativeMethodAccessorImpl.invoke0(Native Method) &amp#27;[m&amp#27;[90m| com.shaft.tools.io.ReportManager&amp#27;[m &amp#27;[90m- TestNG-test=cucumber test runner-1&amp#27;[m &amp#27;[90m- 03:26:30 PM&amp#27;[m 
&amp#27;[33;1m[WARN]&amp#27;[m &amp#27;[m	at java.base/jdk.internal.reflect.NativeMethodAccessorImpl.invoke(NativeMethodAccessorImpl.java:77) &amp#27;[m&amp#27;[90m| com.shaft.tools.io.ReportManager&amp#27;[m &amp#27;[90m- TestNG-test=cucumber test runner-1&amp#27;[m &amp#27;[90m- 03:26:30 PM&amp#27;[m 
&amp#27;[33;1m[WARN]&amp#27;[m &amp#27;[m	at java.base/jdk.internal.reflect.DelegatingMethodAccessorImpl.invoke(DelegatingMethodAccessorImpl.java:43) &amp#27;[m&amp#27;[90m| com.shaft.tools.io.ReportManager&amp#27;[m &amp#27;[90m- TestNG-test=cucumber test runner-1&amp#27;[m &amp#27;[90m- 03:26:30 PM&amp#27;[m 
&amp#27;[33;1m[WARN]&amp#27;[m &amp#27;[m	at java.base/java.lang.reflect.Method.invoke(Method.java:568) &amp#27;[m&amp#27;[90m| com.shaft.tools.io.ReportManager&amp#27;[m &amp#27;[90m- TestNG-test=cucumber test runner-1&amp#27;[m &amp#27;[90m- 03:26:30 PM&amp#27;[m 
&amp#27;[33;1m[WARN]&amp#27;[m &amp#27;[m	at io.cucumber.java.Invoker.doInvoke(Invoker.java:66) &amp#27;[m&amp#27;[90m| com.shaft.tools.io.ReportManager&amp#27;[m &amp#27;[90m- TestNG-test=cucumber test runner-1&amp#27;[m &amp#27;[90m- 03:26:30 PM&amp#27;[m 
&amp#27;[33;1m[WARN]&amp#27;[m &amp#27;[m	at io.cucumber.java.Invoker.invoke(Invoker.java:24) &amp#27;[m&amp#27;[90m| com.shaft.tools.io.ReportManager&amp#27;[m &amp#27;[90m- TestNG-test=cucumber test runner-1&amp#27;[m &amp#27;[90m- 03:26:30 PM&amp#27;[m 
&amp#27;[33;1m[WARN]&amp#27;[m &amp#27;[m	at io.cucumber.java.AbstractGlueDefinition.invokeMethod(AbstractGlueDefinition.java:47) &amp#27;[m&amp#27;[90m| com.shaft.tools.io.ReportManager&amp#27;[m &amp#27;[90m- TestNG-test=cucumber test runner-1&amp#27;[m &amp#27;[90m- 03:26:30 PM&amp#27;[m 
&amp#27;[33;1m[WARN]&amp#27;[m &amp#27;[m	at io.cucumber.java.JavaStepDefinition.execute(JavaStepDefinition.java:29) &amp#27;[m&amp#27;[90m| com.shaft.tools.io.ReportManager&amp#27;[m &amp#27;[90m- TestNG-test=cucumber test runner-1&amp#27;[m &amp#27;[90m- 03:26:30 PM&amp#27;[m 
&amp#27;[33;1m[WARN]&amp#27;[m &amp#27;[m	at io.cucumber.core.runner.CoreStepDefinition.execute(CoreStepDefinition.java:66) &amp#27;[m&amp#27;[90m| com.shaft.tools.io.ReportManager&amp#27;[m &amp#27;[90m- TestNG-test=cucumber test runner-1&amp#27;[m &amp#27;[90m- 03:26:30 PM&amp#27;[m 
&amp#27;[33;1m[WARN]&amp#27;[m &amp#27;[m	at io.cucumber.core.runner.PickleStepDefinitionMatch.runStep(PickleStepDefinitionMatch.java:63) &amp#27;[m&amp#27;[90m| com.shaft.tools.io.ReportManager&amp#27;[m &amp#27;[90m- TestNG-test=cucumber test runner-1&amp#27;[m &amp#27;[90m- 03:26:30 PM&amp#27;[m 
&amp#27;[33;1m[WARN]&amp#27;[m &amp#27;[m	at io.cucumber.core.runner.ExecutionMode$1.execute(ExecutionMode.java:10) &amp#27;[m&amp#27;[90m| com.shaft.tools.io.ReportManager&amp#27;[m &amp#27;[90m- TestNG-test=cucumber test runner-1&amp#27;[m &amp#27;[90m- 03:26:30 PM&amp#27;[m 
&amp#27;[33;1m[WARN]&amp#27;[m &amp#27;[m	at io.cucumber.core.runner.TestStep.executeStep(TestStep.java:84) &amp#27;[m&amp#27;[90m| com.shaft.tools.io.ReportManager&amp#27;[m &amp#27;[90m- TestNG-test=cucumber test runner-1&amp#27;[m &amp#27;[90m- 03:26:30 PM&amp#27;[m 
&amp#27;[33;1m[WARN]&amp#27;[m &amp#27;[m	at io.cucumber.core.runner.TestStep.run(TestStep.java:56) &amp#27;[m&amp#27;[90m| com.shaft.tools.io.ReportManager&amp#27;[m &amp#27;[90m- TestNG-test=cucumber test runner-1&amp#27;[m &amp#27;[90m- 03:26:30 PM&amp#27;[m 
&amp#27;[33;1m[WARN]&amp#27;[m &amp#27;[m	at io.cucumber.core.runner.PickleStepTestStep.run(PickleStepTestStep.java:51) &amp#27;[m&amp#27;[90m| com.shaft.tools.io.ReportManager&amp#27;[m &amp#27;[90m- TestNG-test=cucumber test runner-1&amp#27;[m &amp#27;[90m- 03:26:30 PM&amp#27;[m 
&amp#27;[33;1m[WARN]&amp#27;[m &amp#27;[m	at io.cucumber.core.runner.TestCase.run(TestCase.java:84) &amp#27;[m&amp#27;[90m| com.shaft.tools.io.ReportManager&amp#27;[m &amp#27;[90m- TestNG-test=cucumber test runner-1&amp#27;[m &amp#27;[90m- 03:26:30 PM&amp#27;[m 
&amp#27;[33;1m[WARN]&amp#27;[m &amp#27;[m	at io.cucumber.core.runner.Runner.runPickle(Runner.java:75) &amp#27;[m&amp#27;[90m| com.shaft.tools.io.ReportManager&amp#27;[m &amp#27;[90m- TestNG-test=cucumber test runner-1&amp#27;[m &amp#27;[90m- 03:26:30 PM&amp#27;[m 
&amp#27;[33;1m[WARN]&amp#27;[m &amp#27;[m	at io.cucumber.testng.TestNGCucumberRunner.lambda$runScenario$1(TestNGCucumberRunner.java:132) &amp#27;[m&amp#27;[90m| com.shaft.tools.io.ReportManager&amp#27;[m &amp#27;[90m- TestNG-test=cucumber test runner-1&amp#27;[m &amp#27;[90m- 03:26:30 PM&amp#27;[m 
&amp#27;[33;1m[WARN]&amp#27;[m &amp#27;[m	at io.cucumber.core.runtime.CucumberExecutionContext.lambda$runTestCase$5(CucumberExecutionContext.java:137) &amp#27;[m&amp#27;[90m| com.shaft.tools.io.ReportManager&amp#27;[m &amp#27;[90m- TestNG-test=cucumber test runner-1&amp#27;[m &amp#27;[90m- 03:26:30 PM&amp#27;[m 
&amp#27;[33;1m[WARN]&amp#27;[m &amp#27;[m	at io.cucumber.core.runtime.RethrowingThrowableCollector.executeAndThrow(RethrowingThrowableCollector.java:23) &amp#27;[m&amp#27;[90m| com.shaft.tools.io.ReportManager&amp#27;[m &amp#27;[90m- TestNG-test=cucumber test runner-1&amp#27;[m &amp#27;[90m- 03:26:30 PM&amp#27;[m 
&amp#27;[33;1m[WARN]&amp#27;[m &amp#27;[m	at io.cucumber.core.runtime.CucumberExecutionContext.runTestCase(CucumberExecutionContext.java:137) &amp#27;[m&amp#27;[90m| com.shaft.tools.io.ReportManager&amp#27;[m &amp#27;[90m- TestNG-test=cucumber test runner-1&amp#27;[m &amp#27;[90m- 03:26:30 PM&amp#27;[m 
&amp#27;[33;1m[WARN]&amp#27;[m &amp#27;[m	at io.cucumber.testng.TestNGCucumberRunner.runScenario(TestNGCucumberRunner.java:129) &amp#27;[m&amp#27;[90m| com.shaft.tools.io.ReportManager&amp#27;[m &amp#27;[90m- TestNG-test=cucumber test runner-1&amp#27;[m &amp#27;[90m- 03:26:30 PM&amp#27;[m 
&amp#27;[33;1m[WARN]&amp#27;[m &amp#27;[m	at io.cucumber.testng.AbstractTestNGCucumberTests.runScenario(AbstractTestNGCucumberTests.java:35) &amp#27;[m&amp#27;[90m| com.shaft.tools.io.ReportManager&amp#27;[m &amp#27;[90m- TestNG-test=cucumber test runner-1&amp#27;[m &amp#27;[90m- 03:26:30 PM&amp#27;[m 
&amp#27;[33;1m[WARN]&amp#27;[m &amp#27;[m	at java.base/jdk.internal.reflect.NativeMethodAccessorImpl.invoke0(Native Method) &amp#27;[m&amp#27;[90m| com.shaft.tools.io.ReportManager&amp#27;[m &amp#27;[90m- TestNG-test=cucumber test runner-1&amp#27;[m &amp#27;[90m- 03:26:30 PM&amp#27;[m 
&amp#27;[33;1m[WARN]&amp#27;[m &amp#27;[m	at java.base/jdk.internal.reflect.NativeMethodAccessorImpl.invoke(NativeMethodAccessorImpl.java:77) &amp#27;[m&amp#27;[90m| com.shaft.tools.io.ReportManager&amp#27;[m &amp#27;[90m- TestNG-test=cucumber test runner-1&amp#27;[m &amp#27;[90m- 03:26:30 PM&amp#27;[m 
&amp#27;[33;1m[WARN]&amp#27;[m &amp#27;[m	at java.base/jdk.internal.reflect.DelegatingMethodAccessorImpl.invoke(DelegatingMethodAccessorImpl.java:43) &amp#27;[m&amp#27;[90m| com.shaft.tools.io.ReportManager&amp#27;[m &amp#27;[90m- TestNG-test=cucumber test runner-1&amp#27;[m &amp#27;[90m- 03:26:30 PM&amp#27;[m 
&amp#27;[33;1m[WARN]&amp#27;[m &amp#27;[m	at java.base/java.lang.reflect.Method.invoke(Method.java:568) &amp#27;[m&amp#27;[90m| com.shaft.tools.io.ReportManager&amp#27;[m &amp#27;[90m- TestNG-test=cucumber test runner-1&amp#27;[m &amp#27;[90m- 03:26:30 PM&amp#27;[m 
&amp#27;[33;1m[WARN]&amp#27;[m &amp#27;[m	at org.testng.internal.invokers.MethodInvocationHelper.invokeMethod(MethodInvocationHelper.java:139) &amp#27;[m&amp#27;[90m| com.shaft.tools.io.ReportManager&amp#27;[m &amp#27;[90m- TestNG-test=cucumber test runner-1&amp#27;[m &amp#27;[90m- 03:26:30 PM&amp#27;[m 
&amp#27;[33;1m[WARN]&amp#27;[m &amp#27;[m	at org.testng.internal.invokers.TestInvoker.invokeMethod(TestInvoker.java:664) &amp#27;[m&amp#27;[90m| com.shaft.tools.io.ReportManager&amp#27;[m &amp#27;[90m- TestNG-test=cucumber test runner-1&amp#27;[m &amp#27;[90m- 03:26:30 PM&amp#27;[m 
&amp#27;[33;1m[WARN]&amp#27;[m &amp#27;[m	at org.testng.internal.invokers.TestInvoker.invokeTestMethod(TestInvoker.java:227) &amp#27;[m&amp#27;[90m| com.shaft.tools.io.ReportManager&amp#27;[m &amp#27;[90m- TestNG-test=cucumber test runner-1&amp#27;[m &amp#27;[90m- 03:26:30 PM&amp#27;[m 
&amp#27;[33;1m[WARN]&amp#27;[m &amp#27;[m	at org.testng.internal.invokers.MethodRunner.runInSequence(MethodRunner.java:50) &amp#27;[m&amp#27;[90m| com.shaft.tools.io.ReportManager&amp#27;[m &amp#27;[90m- TestNG-test=cucumber test runner-1&amp#27;[m &amp#27;[90m- 03:26:30 PM&amp#27;[m 
&amp#27;[33;1m[WARN]&amp#27;[m &amp#27;[m	at org.testng.internal.invokers.TestInvoker$MethodInvocationAgent.invoke(TestInvoker.java:957) &amp#27;[m&amp#27;[90m| com.shaft.tools.io.ReportManager&amp#27;[m &amp#27;[90m- TestNG-test=cucumber test runner-1&amp#27;[m &amp#27;[90m- 03:26:30 PM&amp#27;[m 
&amp#27;[33;1m[WARN]&amp#27;[m &amp#27;[m	at org.testng.internal.invokers.TestInvoker.invokeTestMethods(TestInvoker.java:200) &amp#27;[m&amp#27;[90m| com.shaft.tools.io.ReportManager&amp#27;[m &amp#27;[90m- TestNG-test=cucumber test runner-1&amp#27;[m &amp#27;[90m- 03:26:30 PM&amp#27;[m 
&amp#27;[33;1m[WARN]&amp#27;[m &amp#27;[m	at org.testng.internal.invokers.TestMethodWorker.invokeTestMethods(TestMethodWorker.java:148) &amp#27;[m&amp#27;[90m| com.shaft.tools.io.ReportManager&amp#27;[m &amp#27;[90m- TestNG-test=cucumber test runner-1&amp#27;[m &amp#27;[90m- 03:26:30 PM&amp#27;[m 
&amp#27;[33;1m[WARN]&amp#27;[m &amp#27;[m	at org.testng.internal.invokers.TestMethodWorker.run(TestMethodWorker.java:128) &amp#27;[m&amp#27;[90m| com.shaft.tools.io.ReportManager&amp#27;[m &amp#27;[90m- TestNG-test=cucumber test runner-1&amp#27;[m &amp#27;[90m- 03:26:30 PM&amp#27;[m 
&amp#27;[33;1m[WARN]&amp#27;[m &amp#27;[m	at java.base/java.util.concurrent.ThreadPoolExecutor.runWorker(ThreadPoolExecutor.java:1136) &amp#27;[m&amp#27;[90m| com.shaft.tools.io.ReportManager&amp#27;[m &amp#27;[90m- TestNG-test=cucumber test runner-1&amp#27;[m &amp#27;[90m- 03:26:30 PM&amp#27;[m 
&amp#27;[33;1m[WARN]&amp#27;[m &amp#27;[m	at java.base/java.util.concurrent.ThreadPoolExecutor$Worker.run(ThreadPoolExecutor.java:635) &amp#27;[m&amp#27;[90m| com.shaft.tools.io.ReportManager&amp#27;[m &amp#27;[90m- TestNG-test=cucumber test runner-1&amp#27;[m &amp#27;[90m- 03:26:30 PM&amp#27;[m 
&amp#27;[33;1m[WARN]&amp#27;[m &amp#27;[m	at java.base/java.lang.Thread.run(Thread.java:833) &amp#27;[m&amp#27;[90m| com.shaft.tools.io.ReportManager&amp#27;[m &amp#27;[90m- TestNG-test=cucumber test runner-1&amp#27;[m &amp#27;[90m- 03:26:30 PM&amp#27;[m 
&amp#27;[33;1m[WARN]&amp#27;[m &amp#27;[mCaused by: org.openqa.selenium.TimeoutException: Expected condition failed: waiting for com.shaft.listeners.internal.WebDriverListener$$Lambda$1158/0x0000000801306a60@542ed404 (tried for 0 second(s) with 100 milliseconds interval) &amp#27;[m&amp#27;[90m| com.shaft.tools.io.ReportManager&amp#27;[m &amp#27;[90m- TestNG-test=cucumber test runner-1&amp#27;[m &amp#27;[90m- 03:26:30 PM&amp#27;[m 
&amp#27;[33;1m[WARN]&amp#27;[m &amp#27;[m	at org.openqa.selenium.support.ui.FluentWait.timeoutException(FluentWait.java:262) &amp#27;[m&amp#27;[90m| com.shaft.tools.io.ReportManager&amp#27;[m &amp#27;[90m- TestNG-test=cucumber test runner-1&amp#27;[m &amp#27;[90m- 03:26:30 PM&amp#27;[m 
&amp#27;[33;1m[WARN]&amp#27;[m &amp#27;[m	at org.openqa.selenium.support.ui.FluentWait.until(FluentWait.java:230) &amp#27;[m&amp#27;[90m| com.shaft.tools.io.ReportManager&amp#27;[m &amp#27;[90m- TestNG-test=cucumber test runner-1&amp#27;[m &amp#27;[90m- 03:26:30 PM&amp#27;[m 
&amp#27;[33;1m[WARN]&amp#27;[m &amp#27;[m	at com.shaft.listeners.internal.WebDriverListener.beforeFindElement(WebDriverListener.java:62) &amp#27;[m&amp#27;[90m| com.shaft.tools.io.ReportManager&amp#27;[m &amp#27;[90m- TestNG-test=cucumber test runner-1&amp#27;[m &amp#27;[90m- 03:26:30 PM&amp#27;[m 
&amp#27;[33;1m[WARN]&amp#27;[m &amp#27;[m	... 53 more &amp#27;[m&amp#27;[90m| com.shaft.tools.io.ReportManager&amp#27;[m &amp#27;[90m- TestNG-test=cucumber test runner-1&amp#27;[m &amp#27;[90m- 03:26:30 PM&amp#27;[m 
&amp#27;[33;1m[WARN]&amp#27;[m &amp#27;[mCaused by: org.openqa.selenium.NoSuchElementException: no such element: Unable to locate element: {"method":"xpath","selector":"//*[@id="nprogress"]/div[1]"} &amp#27;[m&amp#27;[90m| com.shaft.tools.io.ReportManager&amp#27;[m &amp#27;[90m- TestNG-test=cucumber test runner-1&amp#27;[m &amp#27;[90m- 03:26:30 PM&amp#27;[m 
&amp#27;[33;1m[WARN]&amp#27;[m &amp#27;[m  (Session info: chrome=119.0.6045.200) &amp#27;[m&amp#27;[90m| com.shaft.tools.io.ReportManager&amp#27;[m &amp#27;[90m- TestNG-test=cucumber test runner-1&amp#27;[m &amp#27;[90m- 03:26:30 PM&amp#27;[m 
&amp#27;[33;1m[WARN]&amp#27;[m &amp#27;[mFor documentation on this error, please visit: https://www.selenium.dev/documentation/webdriver/troubleshooting/errors#no-such-element-exception &amp#27;[m&amp#27;[90m| com.shaft.tools.io.ReportManager&amp#27;[m &amp#27;[90m- TestNG-test=cucumber test runner-1&amp#27;[m &amp#27;[90m- 03:26:30 PM&amp#27;[m 
&amp#27;[33;1m[WARN]&amp#27;[m &amp#27;[mBuild info: version: '4.13.0', revision: 'ba948ece5b*' &amp#27;[m&amp#27;[90m| com.shaft.tools.io.ReportManager&amp#27;[m &amp#27;[90m- TestNG-test=cucumber test runner-1&amp#27;[m &amp#27;[90m- 03:26:30 PM&amp#27;[m 
&amp#27;[33;1m[WARN]&amp#27;[m &amp#27;[mSystem info: os.name: 'Windows 11', os.arch: 'amd64', os.version: '10.0', java.version: '17.0.7' &amp#27;[m&amp#27;[90m| com.shaft.tools.io.ReportManager&amp#27;[m &amp#27;[90m- TestNG-test=cucumber test runner-1&amp#27;[m &amp#27;[90m- 03:26:30 PM&amp#27;[m 
&amp#27;[33;1m[WARN]&amp#27;[m &amp#27;[mDriver info: org.openqa.selenium.chrome.ChromeDriver &amp#27;[m&amp#27;[90m| com.shaft.tools.io.ReportManager&amp#27;[m &amp#27;[90m- TestNG-test=cucumber test runner-1&amp#27;[m &amp#27;[90m- 03:26:30 PM&amp#27;[m 
&amp#27;[33;1m[WARN]&amp#27;[m &amp#27;[mCommand: [e8cef44679c5800c01135526bf763518, findElement {using=xpath, value=//*[@id="nprogress"]/div[1]}] &amp#27;[m&amp#27;[90m| com.shaft.tools.io.ReportManager&amp#27;[m &amp#27;[90m- TestNG-test=cucumber test runner-1&amp#27;[m &amp#27;[90m- 03:26:30 PM&amp#27;[m 
&amp#27;[33;1m[WARN]&amp#27;[m &amp#27;[mCapabilities {acceptInsecureCerts: true, browserName: chrome, browserVersion: 119.0.6045.200, chrome: {chromedriverVersion: 119.0.6045.105 (38c72552c5e..., userDataDir: C:\WINDOWS\SystemTemp\scope...}, fedcm:accounts: true, goog:chromeOptions: {debuggerAddress: localhost:60555}, networkConnectionEnabled: false, pageLoadStrategy: none, platformName: windows, proxy: Proxy(), se:cdp: ws://localhost:60555/devtoo..., se:cdpVersion: 119.0.6045.200, setWindowRect: true, strictFileInteractability: false, timeouts: {implicit: 0, pageLoad: 30000, script: 30000}, unhandledPromptBehavior: ignore, webSocketUrl: ws://localhost:16965/sessio..., webauthn:extension:credBlob: true, webauthn:extension:largeBlob: true, webauthn:extension:minPinLength: true, webauthn:extension:prf: true, webauthn:virtualAuthenticators: true} &amp#27;[m&amp#27;[90m| com.shaft.tools.io.ReportManager&amp#27;[m &amp#27;[90m- TestNG-test=cucumber test runner-1&amp#27;[m &amp#27;[90m- 03:26:30 PM&amp#27;[m 
&amp#27;[33;1m[WARN]&amp#27;[m &amp#27;[mSession ID: e8cef44679c5800c01135526bf763518 &amp#27;[m&amp#27;[90m| com.shaft.tools.io.ReportManager&amp#27;[m &amp#27;[90m- TestNG-test=cucumber test runner-1&amp#27;[m &amp#27;[90m- 03:26:30 PM&amp#27;[m 
&amp#27;[33;1m[WARN]&amp#27;[m &amp#27;[m	at jdk.internal.reflect.GeneratedConstructorAccessor33.newInstance(Unknown Source) &amp#27;[m&amp#27;[90m| com.shaft.tools.io.ReportManager&amp#27;[m &amp#27;[90m- TestNG-test=cucumber test runner-1&amp#27;[m &amp#27;[90m- 03:26:30 PM&amp#27;[m 
&amp#27;[33;1m[WARN]&amp#27;[m &amp#27;[m	at java.base/jdk.internal.reflect.DelegatingConstructorAccessorImpl.newInstance(DelegatingConstructorAccessorImpl.java:45) &amp#27;[m&amp#27;[90m| com.shaft.tools.io.ReportManager&amp#27;[m &amp#27;[90m- TestNG-test=cucumber test runner-1&amp#27;[m &amp#27;[90m- 03:26:30 PM&amp#27;[m 
&amp#27;[33;1m[WARN]&amp#27;[m &amp#27;[m	at java.base/java.lang.reflect.Constructor.newInstanceWithCaller(Constructor.java:499) &amp#27;[m&amp#27;[90m| com.shaft.tools.io.ReportManager&amp#27;[m &amp#27;[90m- TestNG-test=cucumber test runner-1&amp#27;[m &amp#27;[90m- 03:26:30 PM&amp#27;[m 
&amp#27;[33;1m[WARN]&amp#27;[m &amp#27;[m	at java.base/java.lang.reflect.Constructor.newInstance(Constructor.java:480) &amp#27;[m&amp#27;[90m| com.shaft.tools.io.ReportManager&amp#27;[m &amp#27;[90m- TestNG-test=cucumber test runner-1&amp#27;[m &amp#27;[90m- 03:26:30 PM&amp#27;[m 
&amp#27;[33;1m[WARN]&amp#27;[m &amp#27;[m	at org.openqa.selenium.remote.codec.w3c.W3CHttpResponseCodec.createException(W3CHttpResponseCodec.java:200) &amp#27;[m&amp#27;[90m| com.shaft.tools.io.ReportManager&amp#27;[m &amp#27;[90m- TestNG-test=cucumber test runner-1&amp#27;[m &amp#27;[90m- 03:26:30 PM&amp#27;[m 
&amp#27;[33;1m[WARN]&amp#27;[m &amp#27;[m	at org.openqa.selenium.remote.codec.w3c.W3CHttpResponseCodec.decode(W3CHttpResponseCodec.java:133) &amp#27;[m&amp#27;[90m| com.shaft.tools.io.ReportManager&amp#27;[m &amp#27;[90m- TestNG-test=cucumber test runner-1&amp#27;[m &amp#27;[90m- 03:26:30 PM&amp#27;[m 
&amp#27;[33;1m[WARN]&amp#27;[m &amp#27;[m	at org.openqa.selenium.remote.codec.w3c.W3CHttpResponseCodec.decode(W3CHttpResponseCodec.java:52) &amp#27;[m&amp#27;[90m| com.shaft.tools.io.ReportManager&amp#27;[m &amp#27;[90m- TestNG-test=cucumber test runner-1&amp#27;[m &amp#27;[90m- 03:26:30 PM&amp#27;[m 
&amp#27;[33;1m[WARN]&amp#27;[m &amp#27;[m	at org.openqa.selenium.remote.HttpCommandExecutor.execute(HttpCommandExecutor.java:191) &amp#27;[m&amp#27;[90m| com.shaft.tools.io.ReportManager&amp#27;[m &amp#27;[90m- TestNG-test=cucumber test runner-1&amp#27;[m &amp#27;[90m- 03:26:30 PM&amp#27;[m 
&amp#27;[33;1m[WARN]&amp#27;[m &amp#27;[m	at org.openqa.selenium.remote.service.DriverCommandExecutor.invokeExecute(DriverCommandExecutor.java:196) &amp#27;[m&amp#27;[90m| com.shaft.tools.io.ReportManager&amp#27;[m &amp#27;[90m- TestNG-test=cucumber test runner-1&amp#27;[m &amp#27;[90m- 03:26:30 PM&amp#27;[m 
&amp#27;[33;1m[WARN]&amp#27;[m &amp#27;[m	at org.openqa.selenium.remote.service.DriverCommandExecutor.execute(DriverCommandExecutor.java:171) &amp#27;[m&amp#27;[90m| com.shaft.tools.io.ReportManager&amp#27;[m &amp#27;[90m- TestNG-test=cucumber test runner-1&amp#27;[m &amp#27;[90m- 03:26:30 PM&amp#27;[m 
&amp#27;[33;1m[WARN]&amp#27;[m &amp#27;[m	at org.openqa.selenium.remote.RemoteWebDriver.execute(RemoteWebDriver.java:602) &amp#27;[m&amp#27;[90m| com.shaft.tools.io.ReportManager&amp#27;[m &amp#27;[90m- TestNG-test=cucumber test runner-1&amp#27;[m &amp#27;[90m- 03:26:30 PM&amp#27;[m 
&amp#27;[33;1m[WARN]&amp#27;[m &amp#27;[m	at org.openqa.selenium.remote.ElementLocation$ElementFinder$2.findElement(ElementLocation.java:165) &amp#27;[m&amp#27;[90m| com.shaft.tools.io.ReportManager&amp#27;[m &amp#27;[90m- TestNG-test=cucumber test runner-1&amp#27;[m &amp#27;[90m- 03:26:30 PM&amp#27;[m 
&amp#27;[33;1m[WARN]&amp#27;[m &amp#27;[m	at org.openqa.selenium.remote.ElementLocation.findElement(ElementLocation.java:59) &amp#27;[m&amp#27;[90m| com.shaft.tools.io.ReportManager&amp#27;[m &amp#27;[90m- TestNG-test=cucumber test runner-1&amp#27;[m &amp#27;[90m- 03:26:30 PM&amp#27;[m 
&amp#27;[33;1m[WARN]&amp#27;[m &amp#27;[m	at org.openqa.selenium.remote.RemoteWebDriver.findElement(RemoteWebDriver.java:359) &amp#27;[m&amp#27;[90m| com.shaft.tools.io.ReportManager&amp#27;[m &amp#27;[90m- TestNG-test=cucumber test runner-1&amp#27;[m &amp#27;[90m- 03:26:30 PM&amp#27;[m 
&amp#27;[33;1m[WARN]&amp#27;[m &amp#27;[m	at org.openqa.selenium.remote.RemoteWebDriver.findElement(RemoteWebDriver.java:353) &amp#27;[m&amp#27;[90m| com.shaft.tools.io.ReportManager&amp#27;[m &amp#27;[90m- TestNG-test=cucumber test runner-1&amp#27;[m &amp#27;[90m- 03:26:30 PM&amp#27;[m 
&amp#27;[33;1m[WARN]&amp#27;[m &amp#27;[m	at com.shaft.listeners.internal.WebDriverListener.lambda$beforeFindElement$0(WebDriverListener.java:62) &amp#27;[m&amp#27;[90m| com.shaft.tools.io.ReportManager&amp#27;[m &amp#27;[90m- TestNG-test=cucumber test runner-1&amp#27;[m &amp#27;[90m- 03:26:30 PM&amp#27;[m 
&amp#27;[33;1m[WARN]&amp#27;[m &amp#27;[m	at org.openqa.selenium.support.ui.FluentWait.until(FluentWait.java:205) &amp#27;[m&amp#27;[90m| com.shaft.tools.io.ReportManager&amp#27;[m &amp#27;[90m- TestNG-test=cucumber test runner-1&amp#27;[m &amp#27;[90m- 03:26:30 PM&amp#27;[m 
&amp#27;[33;1m[WARN]&amp#27;[m &amp#27;[m	... 54 more &amp#27;[m&amp#27;[90m| com.shaft.tools.io.ReportManager&amp#27;[m &amp#27;[90m- TestNG-test=cucumber test runner-1&amp#27;[m &amp#27;[90m- 03:26:30 PM&amp#27;[m 
&amp#27;[38;2;0;96;168;1m[INFO]&amp#27;[m &amp#27;[mFind element action failed. &amp#27;[m&amp#27;[90m| com.shaft.tools.io.ReportManager&amp#27;[m &amp#27;[90m- TestNG-test=cucumber test runner-1&amp#27;[m &amp#27;[90m- 03:26:30 PM&amp#27;[m 
&amp#27;[38;2;0;96;168;1m[INFO]&amp#27;[m &amp#27;[mSuccessfully created attachment 'Screenshot - 1701955590468_runScenario_findElement_failed' &amp#27;[m&amp#27;[90m| com.shaft.tools.io.ReportManager&amp#27;[m &amp#27;[90m- TestNG-test=cucumber test runner-1&amp#27;[m &amp#27;[90m- 03:26:30 PM&amp#27;[m 
&amp#27;[31;1m[ERROR]&amp#27;[m &amp#27;[mjava.lang.reflect.InvocationTargetException: null
 java.base/jdk.internal.reflect.NativeMethodAccessorImpl.invoke0(Native Method)
 java.base/jdk.internal.reflect.NativeMethodAccessorImpl.invoke(NativeMethodAccessorImpl.java:77)
 java.base/jdk.internal.reflect.DelegatingMethodAccessorImpl.invoke(DelegatingMethodAccessorImpl.java:43)
 java.base/java.lang.reflect.Method.invoke(Method.java:568)
 org.openqa.selenium.support.decorators.WebDriverDecorator.call(WebDriverDecorator.java:249)
 org.openqa.selenium.support.decorators.DefaultDecorated.call(DefaultDecorated.java:48)
 org.openqa.selenium.support.decorators.WebDriverDecorator.lambda$createProxy$2(WebDriverDecorator.java:321)
 net.bytebuddy.renamed.java.lang.Object$ByteBuddy$D1KfSLQT.findElement(Unknown Source)
 utils.Wait.waitInVisibilityOfProgressBar(Wait.java:65)
 pages.LoginPage.clickOnLoginButton(LoginPage.java:38)
 pages.LoginPage.loginToConsole(LoginPage.java:52)
 steps.TC65_DashboardDateComparison.userIsLoggedInToConsole(TC65_DashboardDateComparison.java:27)
 java.base/jdk.internal.reflect.NativeMethodAccessorImpl.invoke0(Native Method)
 java.base/jdk.internal.reflect.NativeMethodAccessorImpl.invoke(NativeMethodAccessorImpl.java:77)
 java.base/jdk.internal.reflect.DelegatingMethodAccessorImpl.invoke(DelegatingMethodAccessorImpl.java:43)
 java.base/java.lang.reflect.Method.invoke(Method.java:568)
 io.cucumber.java.Invoker.doInvoke(Invoker.java:66)
 io.cucumber.java.Invoker.invoke(Invoker.java:24)
 io.cucumber.java.AbstractGlueDefinition.invokeMethod(AbstractGlueDefinition.java:47)
 io.cucumber.java.JavaStepDefinition.execute(JavaStepDefinition.java:29)
 io.cucumber.core.runner.CoreStepDefinition.execute(CoreStepDefinition.java:66)
 io.cucumber.core.runner.PickleStepDefinitionMatch.runStep(PickleStepDefinitionMatch.java:63)
 io.cucumber.core.runner.ExecutionMode$1.execute(ExecutionMode.java:10)
 io.cucumber.core.runner.TestStep.executeStep(TestStep.java:84)
 io.cucumber.core.runner.TestStep.run(TestStep.java:56)
 io.cucumber.core.runner.PickleStepTestStep.run(PickleStepTestStep.java:51)
 io.cucumber.core.runner.TestCase.run(TestCase.java:84)
 io.cucumber.core.runner.Runner.runPickle(Runner.java:75)
 io.cucumber.testng.TestNGCucumberRunner.lambda$runScenario$1(TestNGCucumberRunner.java:132)
 io.cucumber.core.runtime.CucumberExecutionContext.lambda$runTestCase$5(CucumberExecutionContext.java:137)
 io.cucumber.core.runtime.RethrowingThrowableCollector.executeAndThrow(RethrowingThrowableCollector.java:23)
 io.cucumber.core.runtime.CucumberExecutionContext.runTestCase(CucumberExecutionContext.java:137)
 io.cucumber.testng.TestNGCucumberRunner.runScenario(TestNGCucumberRunner.java:129)
 io.cucumber.testng.AbstractTestNGCucumberTests.runScenario(AbstractTestNGCucumberTests.java:35)
 java.base/jdk.internal.reflect.NativeMethodAccessorImpl.invoke0(Native Method)
 java.base/jdk.internal.reflect.NativeMethodAccessorImpl.invoke(NativeMethodAccessorImpl.java:77)
 java.base/jdk.internal.reflect.DelegatingMethodAccessorImpl.invoke(DelegatingMethodAccessorImpl.java:43)
 java.base/java.lang.reflect.Method.invoke(Method.java:568)
 org.testng.internal.invokers.MethodInvocationHelper.invokeMethod(MethodInvocationHelper.java:139)
 org.testng.internal.invokers.TestInvoker.invokeMethod(TestInvoker.java:664)
 org.testng.internal.invokers.TestInvoker.invokeTestMethod(TestInvoker.java:227)
 org.testng.internal.invokers.MethodRunner.runInSequence(MethodRunner.java:50)
 org.testng.internal.invokers.TestInvoker$MethodInvocationAgent.invoke(TestInvoker.java:957)
 org.testng.internal.invokers.TestInvoker.invokeTestMethods(TestInvoker.java:200)
 org.testng.internal.invokers.TestMethodWorker.invokeTestMethods(TestMethodWorker.java:148)
 org.testng.internal.invokers.TestMethodWorker.run(TestMethodWorker.java:128)
 java.base/java.util.concurrent.ThreadPoolExecutor.runWorker(ThreadPoolExecutor.java:1136)
 java.base/java.util.concurrent.ThreadPoolExecutor$Worker.run(ThreadPoolExecutor.java:635)
 java.base/java.lang.Thread.run(Thread.java:833)

Caused by: org.openqa.selenium.NoSuchElementException: no such element: Unable to locate element: {"method":"xpath","selector":"//*[@id="nprogress"]/div[1]"}
  (Session info: chrome=119.0.6045.200)
For documentation on this error, please visit: https://www.selenium.dev/documentation/webdriver/troubleshooting/errors#no-such-element-exception
Build info: version: '4.13.0', revision: 'ba948ece5b*'
System info: os.name: 'Windows 11', os.arch: 'amd64', os.version: '10.0', java.version: '17.0.7'
Driver info: org.openqa.selenium.chrome.ChromeDriver
Command: [e8cef44679c5800c01135526bf763518, findElement {using=xpath, value=//*[@id="nprogress"]/div[1]}]
Capabilities {acceptInsecureCerts: true, browserName: chrome, browserVersion: 119.0.6045.200, chrome: {chromedriverVersion: 119.0.6045.105 (38c72552c5e..., userDataDir: C:\WINDOWS\SystemTemp\scope...}, fedcm:accounts: true, goog:chromeOptions: {debuggerAddress: localhost:60555}, networkConnectionEnabled: false, pageLoadStrategy: none, platformName: windows, proxy: Proxy(), se:cdp: ws://localhost:60555/devtoo..., se:cdpVersion: 119.0.6045.200, setWindowRect: true, strictFileInteractability: false, timeouts: {implicit: 0, pageLoad: 30000, script: 30000}, unhandledPromptBehavior: ignore, webSocketUrl: ws://localhost:16965/sessio..., webauthn:extension:credBlob: true, webauthn:extension:largeBlob: true, webauthn:extension:minPinLength: true, webauthn:extension:prf: true, webauthn:virtualAuthenticators: true}
Session ID: e8cef44679c5800c01135526bf763518
 jdk.internal.reflect.GeneratedConstructorAccessor33.newInstance(Unknown Source)
 java.base/jdk.internal.reflect.DelegatingConstructorAccessorImpl.newInstance(DelegatingConstructorAccessorImpl.java:45)
 java.base/java.lang.reflect.Constructor.newInstanceWithCaller(Constructor.java:499)
 java.base/java.lang.reflect.Constructor.newInstance(Constructor.java:480)
 org.openqa.selenium.remote.codec.w3c.W3CHttpResponseCodec.createException(W3CHttpResponseCodec.java:200)
 org.openqa.selenium.remote.codec.w3c.W3CHttpResponseCodec.decode(W3CHttpResponseCodec.java:133)
 org.openqa.selenium.remote.codec.w3c.W3CHttpResponseCodec.decode(W3CHttpResponseCodec.java:52)
 org.openqa.selenium.remote.HttpCommandExecutor.execute(HttpCommandExecutor.java:191)
 org.openqa.selenium.remote.service.DriverCommandExecutor.invokeExecute(DriverCommandExecutor.java:196)
 org.openqa.selenium.remote.service.DriverCommandExecutor.execute(DriverCommandExecutor.java:171)
 org.openqa.selenium.remote.RemoteWebDriver.execute(RemoteWebDriver.java:602)
 org.openqa.selenium.remote.ElementLocation$ElementFinder$2.findElement(ElementLocation.java:165)
 org.openqa.selenium.remote.ElementLocation.findElement(ElementLocation.java:59)
 org.openqa.selenium.remote.RemoteWebDriver.findElement(RemoteWebDriver.java:359)
 org.openqa.selenium.remote.RemoteWebDriver.findElement(RemoteWebDriver.java:353)
 java.base/jdk.internal.reflect.NativeMethodAccessorImpl.invoke0(Native Method)
 java.base/jdk.internal.reflect.NativeMethodAccessorImpl.invoke(NativeMethodAccessorImpl.java:77)
 java.base/jdk.internal.reflect.DelegatingMethodAccessorImpl.invoke(DelegatingMethodAccessorImpl.java:43)
 java.base/java.lang.reflect.Method.invoke(Method.java:568)
 org.openqa.selenium.support.decorators.WebDriverDecorator.call(WebDriverDecorator.java:249)
 org.openqa.selenium.support.decorators.DefaultDecorated.call(DefaultDecorated.java:48)
 org.openqa.selenium.support.decorators.WebDriverDecorator.lambda$createProxy$2(WebDriverDecorator.java:321)
 net.bytebuddy.renamed.java.lang.Object$ByteBuddy$D1KfSLQT.findElement(Unknown Source)
 utils.Wait.waitInVisibilityOfProgressBar(Wait.java:65)
 pages.LoginPage.clickOnLoginButton(LoginPage.java:38)
 pages.LoginPage.loginToConsole(LoginPage.java:52)
 steps.TC65_DashboardDateComparison.userIsLoggedInToConsole(TC65_DashboardDateComparison.java:27)
 java.base/jdk.internal.reflect.NativeMethodAccessorImpl.invoke0(Native Method)
 java.base/jdk.internal.reflect.NativeMethodAccessorImpl.invoke(NativeMethodAccessorImpl.java:77)
 java.base/jdk.internal.reflect.DelegatingMethodAccessorImpl.invoke(DelegatingMethodAccessorImpl.java:43)
 java.base/java.lang.reflect.Method.invoke(Method.java:568)
 io.cucumber.java.Invoker.doInvoke(Invoker.java:66)
 io.cucumber.java.Invoker.invoke(Invoker.java:24)
 io.cucumber.java.AbstractGlueDefinition.invokeMethod(AbstractGlueDefinition.java:47)
 io.cucumber.java.JavaStepDefinition.execute(JavaStepDefinition.java:29)
 io.cucumber.core.runner.CoreStepDefinition.execute(CoreStepDefinition.java:66)
 io.cucumber.core.runner.PickleStepDefinitionMatch.runStep(PickleStepDefinitionMatch.java:63)
 io.cucumber.core.runner.ExecutionMode$1.execute(ExecutionMode.java:10)
 io.cucumber.core.runner.TestStep.executeStep(TestStep.java:84)
 io.cucumber.core.runner.TestStep.run(TestStep.java:56)
 io.cucumber.core.runner.PickleStepTestStep.run(PickleStepTestStep.java:51)
 io.cucumber.core.runner.TestCase.run(TestCase.java:84)
 io.cucumber.core.runner.Runner.runPickle(Runner.java:75)
 io.cucumber.testng.TestNGCucumberRunner.lambda$runScenario$1(TestNGCucumberRunner.java:132)
 io.cucumber.core.runtime.CucumberExecutionContext.lambda$runTestCase$5(CucumberExecutionContext.java:137)
 io.cucumber.core.runtime.RethrowingThrowableCollector.executeAndThrow(RethrowingThrowableCollector.java:23)
 io.cucumber.core.runtime.CucumberExecutionContext.runTestCase(CucumberExecutionContext.java:137)
 io.cucumber.testng.TestNGCucumberRunner.runScenario(TestNGCucumberRunner.java:129)
 io.cucumber.testng.AbstractTestNGCucumberTests.runScenario(AbstractTestNGCucumberTests.java:35)
 java.base/jdk.internal.reflect.NativeMethodAccessorImpl.invoke0(Native Method)
 java.base/jdk.internal.reflect.NativeMethodAccessorImpl.invoke(NativeMethodAccessorImpl.java:77)
 java.base/jdk.internal.reflect.DelegatingMethodAccessorImpl.invoke(DelegatingMethodAccessorImpl.java:43)
 java.base/java.lang.reflect.Method.invoke(Method.java:568)
 org.testng.internal.invokers.MethodInvocationHelper.invokeMethod(MethodInvocationHelper.java:139)
 org.testng.internal.invokers.TestInvoker.invokeMethod(TestInvoker.java:664)
 org.testng.internal.invokers.TestInvoker.invokeTestMethod(TestInvoker.java:227)
 org.testng.internal.invokers.MethodRunner.runInSequence(MethodRunner.java:50)
 org.testng.internal.invokers.TestInvoker$MethodInvocationAgent.invoke(TestInvoker.java:957)
 org.testng.internal.invokers.TestInvoker.invokeTestMethods(TestInvoker.java:200)
 org.testng.internal.invokers.TestMethodWorker.invokeTestMethods(TestMethodWorker.java:148)
 org.testng.internal.invokers.TestMethodWorker.run(TestMethodWorker.java:128)
 java.base/java.util.concurrent.ThreadPoolExecutor.runWorker(ThreadPoolExecutor.java:1136)
 java.base/java.util.concurrent.ThreadPoolExecutor$Worker.run(ThreadPoolExecutor.java:635)
 java.base/java.lang.Thread.run(Thread.java:833) &amp#27;[m&amp#27;[90m| com.shaft.tools.io.ReportManager&amp#27;[m &amp#27;[90m- TestNG-test=cucumber test runner-1&amp#27;[m &amp#27;[90m- 03:26:30 PM&amp#27;[m 
&amp#27;[38;2;0;96;168;1m[INFO]&amp#27;[m &amp#27;[mno such element: Unable to locate element: {"method":"xpath","selector":"//*[@id="nprogress"]/div[1]"} &amp#27;[m&amp#27;[90m| com.shaft.tools.io.ReportManager&amp#27;[m &amp#27;[90m- TestNG-test=cucumber test runner-1&amp#27;[m &amp#27;[90m- 03:26:30 PM&amp#27;[m 
&amp#27;[38;2;0;96;168;1m[INFO]&amp#27;[m &amp#27;[m  (Session info: chrome=119.0.6045.200) &amp#27;[m&amp#27;[90m| com.shaft.tools.io.ReportManager&amp#27;[m &amp#27;[90m- TestNG-test=cucumber test runner-1&amp#27;[m &amp#27;[90m- 03:26:30 PM&amp#27;[m 
&amp#27;[38;2;0;96;168;1m[INFO]&amp#27;[m &amp#27;[mFor documentation on this error, please visit: https://www.selenium.dev/documentation/webdriver/troubleshooting/errors#no-such-element-exception &amp#27;[m&amp#27;[90m| com.shaft.tools.io.ReportManager&amp#27;[m &amp#27;[90m- TestNG-test=cucumber test runner-1&amp#27;[m &amp#27;[90m- 03:26:30 PM&amp#27;[m 
&amp#27;[38;2;0;96;168;1m[INFO]&amp#27;[m &amp#27;[mBuild info: version: '4.13.0', revision: 'ba948ece5b*' &amp#27;[m&amp#27;[90m| com.shaft.tools.io.ReportManager&amp#27;[m &amp#27;[90m- TestNG-test=cucumber test runner-1&amp#27;[m &amp#27;[90m- 03:26:30 PM&amp#27;[m 
&amp#27;[38;2;0;96;168;1m[INFO]&amp#27;[m &amp#27;[mSystem info: os.name: 'Windows 11', os.arch: 'amd64', os.version: '10.0', java.version: '17.0.7' &amp#27;[m&amp#27;[90m| com.shaft.tools.io.ReportManager&amp#27;[m &amp#27;[90m- TestNG-test=cucumber test runner-1&amp#27;[m &amp#27;[90m- 03:26:30 PM&amp#27;[m 
&amp#27;[38;2;0;96;168;1m[INFO]&amp#27;[m &amp#27;[mDriver info: org.openqa.selenium.chrome.ChromeDriver &amp#27;[m&amp#27;[90m| com.shaft.tools.io.ReportManager&amp#27;[m &amp#27;[90m- TestNG-test=cucumber test runner-1&amp#27;[m &amp#27;[90m- 03:26:30 PM&amp#27;[m 
&amp#27;[38;2;0;96;168;1m[INFO]&amp#27;[m &amp#27;[mCommand: [e8cef44679c5800c01135526bf763518, findElement {using=xpath, value=//*[@id="nprogress"]/div[1]}] &amp#27;[m&amp#27;[90m| com.shaft.tools.io.ReportManager&amp#27;[m &amp#27;[90m- TestNG-test=cucumber test runner-1&amp#27;[m &amp#27;[90m- 03:26:30 PM&amp#27;[m 
&amp#27;[38;2;0;96;168;1m[INFO]&amp#27;[m &amp#27;[mCapabilities {acceptInsecureCerts: true, browserName: chrome, browserVersion: 119.0.6045.200, chrome: {chromedriverVersion: 119.0.6045.105 (38c72552c5e..., userDataDir: C:\WINDOWS\SystemTemp\scope...}, fedcm:accounts: true, goog:chromeOptions: {debuggerAddress: localhost:60555}, networkConnectionEnabled: false, pageLoadStrategy: none, platformName: windows, proxy: Proxy(), se:cdp: ws://localhost:60555/devtoo..., se:cdpVersion: 119.0.6045.200, setWindowRect: true, strictFileInteractability: false, timeouts: {implicit: 0, pageLoad: 30000, script: 30000}, unhandledPromptBehavior: ignore, webSocketUrl: ws://localhost:16965/sessio..., webauthn:extension:credBlob: true, webauthn:extension:largeBlob: true, webauthn:extension:minPinLength: true, webauthn:extension:prf: true, webauthn:virtualAuthenticators: true} &amp#27;[m&amp#27;[90m| com.shaft.tools.io.ReportManager&amp#27;[m &amp#27;[90m- TestNG-test=cucumber test runner-1&amp#27;[m &amp#27;[90m- 03:26:30 PM&amp#27;[m 
&amp#27;[38;2;0;96;168;1m[INFO]&amp#27;[m &amp#27;[mSession ID: e8cef44679c5800c01135526bf763518 &amp#27;[m&amp#27;[90m| com.shaft.tools.io.ReportManager&amp#27;[m &amp#27;[90m- TestNG-test=cucumber test runner-1&amp#27;[m &amp#27;[90m- 03:26:30 PM&amp#27;[m 
&amp#27;[38;2;0;96;168;1m[INFO]&amp#27;[m &amp#27;[mAttempting to getAttribute "hidden" from elementLocator "By.id: sidebar_dashboard". &amp#27;[m&amp#27;[90m| com.shaft.tools.io.ReportManager&amp#27;[m &amp#27;[90m- TestNG-test=cucumber test runner-1&amp#27;[m &amp#27;[90m- 03:26:33 PM&amp#27;[m 
&amp#27;[38;2;0;96;168;1m[INFO]&amp#27;[m &amp#27;[mGet attribute from "dashboard Dashboard". &amp#27;[m&amp#27;[90m| com.shaft.tools.io.ReportManager&amp#27;[m &amp#27;[90m- TestNG-test=cucumber test runner-1&amp#27;[m &amp#27;[90m- 03:26:34 PM&amp#27;[m 
&amp#27;[38;2;0;96;168;1m[INFO]&amp#27;[m &amp#27;[mSuccessfully created attachment 'Screenshot - 1701955594608_runScenario_Get attribute_passed' &amp#27;[m&amp#27;[90m| com.shaft.tools.io.ReportManager&amp#27;[m &amp#27;[90m- TestNG-test=cucumber test runner-1&amp#27;[m &amp#27;[90m- 03:26:34 PM&amp#27;[m 
&amp#27;[38;2;0;96;168;1m[INFO]&amp#27;[m &amp#27;[mExpected "null", and actual "null" &amp#27;[m&amp#27;[90m| com.shaft.tools.io.ReportManager&amp#27;[m &amp#27;[90m- TestNG-test=cucumber test runner-1&amp#27;[m &amp#27;[90m- 03:26:34 PM&amp#27;[m 
&amp#27;[38;2;0;96;168;1m[INFO]&amp#27;[m &amp#27;[mAssertion "ValidateElementAttribute" PASSED. Expected "Value Should be 'null' for the 'hidden' attribute, element locator 'By.id: sidebar_dashboard'" and Actual "null". Comparison Type "EQUALS". Validation Type "POSITIVE". &amp#27;[m&amp#27;[90m| com.shaft.tools.io.ReportManager&amp#27;[m &amp#27;[90m- TestNG-test=cucumber test runner-1&amp#27;[m &amp#27;[90m- 03:26:35 PM&amp#27;[m 
&amp#27;[38;2;0;96;168;1m[INFO]&amp#27;[m &amp#27;[mSuccessfully created attachment 'Screenshot - 1701955595260_runScenario_ValidateElementAttribute_passed' &amp#27;[m&amp#27;[90m| com.shaft.tools.io.ReportManager&amp#27;[m &amp#27;[90m- TestNG-test=cucumber test runner-1&amp#27;[m &amp#27;[90m- 03:26:35 PM&amp#27;[m 
&amp#27;[38;2;0;96;168;1m[INFO]&amp#27;[m &amp#27;[mSuccessfully created attachment 'Screenshot - 1701955595783_runScenario_Get current url_passed' &amp#27;[m&amp#27;[90m| com.shaft.tools.io.ReportManager&amp#27;[m &amp#27;[90m- TestNG-test=cucumber test runner-1&amp#27;[m &amp#27;[90m- 03:26:35 PM&amp#27;[m 
&amp#27;[38;2;0;96;168;1m[INFO]&amp#27;[m &amp#27;[mExpected "https://console.foodics.dev/dashboard", and actual "https://console.foodics.dev/dashboard" &amp#27;[m&amp#27;[90m| com.shaft.tools.io.ReportManager&amp#27;[m &amp#27;[90m- TestNG-test=cucumber test runner-1&amp#27;[m &amp#27;[90m- 03:26:35 PM&amp#27;[m 
&amp#27;[38;2;0;96;168;1m[INFO]&amp#27;[m &amp#27;[mAssertion "ValidateBrowserAttribute" PASSED. Expected "Value Should be 'https://console.foodics.dev/dashboard' for the 'currenturl' attribute" and Actual "https://console.foodics.dev/dashboard". Comparison Type "EQUALS". Validation Type "POSITIVE". &amp#27;[m&amp#27;[90m| com.shaft.tools.io.ReportManager&amp#27;[m &amp#27;[90m- TestNG-test=cucumber test runner-1&amp#27;[m &amp#27;[90m- 03:26:36 PM&amp#27;[m 
&amp#27;[38;2;0;96;168;1m[INFO]&amp#27;[m &amp#27;[mSuccessfully created attachment 'Screenshot - 1701955596128_runScenario_ValidateBrowserAttribute_passed' &amp#27;[m&amp#27;[90m| com.shaft.tools.io.ReportManager&amp#27;[m &amp#27;[90m- TestNG-test=cucumber test runner-1&amp#27;[m &amp#27;[90m- 03:26:36 PM&amp#27;[m 
&amp#27;[38;2;0;96;168;1m[INFO]&amp#27;[m &amp#27;[m  &amp#27;[32mGiven &amp#27;[0m&amp#27;[32mUser is logged in with &amp#27;[0m&amp#27;[32m&amp#27;[1m"mahmoud227572"&amp#27;[0m&amp#27;[32m credentials and in console home page&amp#27;[0m                                       &amp#27;[90m# steps.TC65_DashboardDateComparison.userIsLoggedInToConsole(java.lang.String)&amp#27;[0m &amp#27;[m&amp#27;[90m| com.shaft.tools.io.ReportManager&amp#27;[m &amp#27;[90m- TestNG-test=cucumber test runner-1&amp#27;[m &amp#27;[90m- 03:26:36 PM&amp#27;[m 
&amp#27;[38;2;0;96;168;1m[INFO]&amp#27;[m &amp#27;[mScenario Step: When Click Try our new enhanced dashboard &amp#27;[m&amp#27;[90m| com.shaft.tools.io.ReportManager&amp#27;[m &amp#27;[90m- TestNG-test=cucumber test runner-1&amp#27;[m &amp#27;[90m- 03:26:36 PM&amp#27;[m 
&amp#27;[38;2;0;96;168;1m[INFO]&amp#27;[m &amp#27;[mIs displayed action failed. &amp#27;[m&amp#27;[90m| com.shaft.tools.io.ReportManager&amp#27;[m &amp#27;[90m- TestNG-test=cucumber test runner-1&amp#27;[m &amp#27;[90m- 03:26:38 PM&amp#27;[m 
&amp#27;[38;2;0;96;168;1m[INFO]&amp#27;[m &amp#27;[mSuccessfully created attachment 'Screenshot - 1701955598176_runScenario_isDisplayed_failed' &amp#27;[m&amp#27;[90m| com.shaft.tools.io.ReportManager&amp#27;[m &amp#27;[90m- TestNG-test=cucumber test runner-1&amp#27;[m &amp#27;[90m- 03:26:38 PM&amp#27;[m 
&amp#27;[31;1m[ERROR]&amp#27;[m &amp#27;[mjava.lang.reflect.InvocationTargetException: null
 java.base/jdk.internal.reflect.NativeMethodAccessorImpl.invoke0(Native Method)
 java.base/jdk.internal.reflect.NativeMethodAccessorImpl.invoke(NativeMethodAccessorImpl.java:77)
 java.base/jdk.internal.reflect.DelegatingMethodAccessorImpl.invoke(DelegatingMethodAccessorImpl.java:43)
 java.base/java.lang.reflect.Method.invoke(Method.java:568)
 org.openqa.selenium.support.decorators.WebDriverDecorator.call(WebDriverDecorator.java:249)
 org.openqa.selenium.support.decorators.DefaultDecorated.call(DefaultDecorated.java:48)
 org.openqa.selenium.support.decorators.WebDriverDecorator.lambda$createProxy$2(WebDriverDecorator.java:321)
 net.bytebuddy.renamed.java.lang.Object$ByteBuddy$0jcpHUDE.isDisplayed(Unknown Source)
 org.openqa.selenium.support.ui.ExpectedConditions.isInvisible(ExpectedConditions.java:1374)
 org.openqa.selenium.support.ui.ExpectedConditions.access$200(ExpectedConditions.java:37)
 org.openqa.selenium.support.ui.ExpectedConditions$48.apply(ExpectedConditions.java:1362)
 org.openqa.selenium.support.ui.ExpectedConditions$48.apply(ExpectedConditions.java:1358)
 org.openqa.selenium.support.ui.FluentWait.until(FluentWait.java:205)
 utils.Wait.waitInVisibilityOfProgressBar(Wait.java:65)
 pages.DashboardPage.clickOnTryEnhancedDashboardLink(DashboardPage.java:36)
 steps.TC65_DashboardDateComparison.tryNewEnhancedDashboard(TC65_DashboardDateComparison.java:42)
 java.base/jdk.internal.reflect.NativeMethodAccessorImpl.invoke0(Native Method)
 java.base/jdk.internal.reflect.NativeMethodAccessorImpl.invoke(NativeMethodAccessorImpl.java:77)
 java.base/jdk.internal.reflect.DelegatingMethodAccessorImpl.invoke(DelegatingMethodAccessorImpl.java:43)
 java.base/java.lang.reflect.Method.invoke(Method.java:568)
 io.cucumber.java.Invoker.doInvoke(Invoker.java:66)
 io.cucumber.java.Invoker.invoke(Invoker.java:24)
 io.cucumber.java.AbstractGlueDefinition.invokeMethod(AbstractGlueDefinition.java:47)
 io.cucumber.java.JavaStepDefinition.execute(JavaStepDefinition.java:29)
 io.cucumber.core.runner.CoreStepDefinition.execute(CoreStepDefinition.java:66)
 io.cucumber.core.runner.PickleStepDefinitionMatch.runStep(PickleStepDefinitionMatch.java:63)
 io.cucumber.core.runner.ExecutionMode$1.execute(ExecutionMode.java:10)
 io.cucumber.core.runner.TestStep.executeStep(TestStep.java:84)
 io.cucumber.core.runner.TestStep.run(TestStep.java:56)
 io.cucumber.core.runner.PickleStepTestStep.run(PickleStepTestStep.java:51)
 io.cucumber.core.runner.TestCase.run(TestCase.java:84)
 io.cucumber.core.runner.Runner.runPickle(Runner.java:75)
 io.cucumber.testng.TestNGCucumberRunner.lambda$runScenario$1(TestNGCucumberRunner.java:132)
 io.cucumber.core.runtime.CucumberExecutionContext.lambda$runTestCase$5(CucumberExecutionContext.java:137)
 io.cucumber.core.runtime.RethrowingThrowableCollector.executeAndThrow(RethrowingThrowableCollector.java:23)
 io.cucumber.core.runtime.CucumberExecutionContext.runTestCase(CucumberExecutionContext.java:137)
 io.cucumber.testng.TestNGCucumberRunner.runScenario(TestNGCucumberRunner.java:129)
 io.cucumber.testng.AbstractTestNGCucumberTests.runScenario(AbstractTestNGCucumberTests.java:35)
 java.base/jdk.internal.reflect.NativeMethodAccessorImpl.invoke0(Native Method)
 java.base/jdk.internal.reflect.NativeMethodAccessorImpl.invoke(NativeMethodAccessorImpl.java:77)
 java.base/jdk.internal.reflect.DelegatingMethodAccessorImpl.invoke(DelegatingMethodAccessorImpl.java:43)
 java.base/java.lang.reflect.Method.invoke(Method.java:568)
 org.testng.internal.invokers.MethodInvocationHelper.invokeMethod(MethodInvocationHelper.java:139)
 org.testng.internal.invokers.TestInvoker.invokeMethod(TestInvoker.java:664)
 org.testng.internal.invokers.TestInvoker.invokeTestMethod(TestInvoker.java:227)
 org.testng.internal.invokers.MethodRunner.runInSequence(MethodRunner.java:50)
 org.testng.internal.invokers.TestInvoker$MethodInvocationAgent.invoke(TestInvoker.java:957)
 org.testng.internal.invokers.TestInvoker.invokeTestMethods(TestInvoker.java:200)
 org.testng.internal.invokers.TestMethodWorker.invokeTestMethods(TestMethodWorker.java:148)
 org.testng.internal.invokers.TestMethodWorker.run(TestMethodWorker.java:128)
 java.base/java.util.concurrent.ThreadPoolExecutor.runWorker(ThreadPoolExecutor.java:1136)
 java.base/java.util.concurrent.ThreadPoolExecutor$Worker.run(ThreadPoolExecutor.java:635)
 java.base/java.lang.Thread.run(Thread.java:833)

Caused by: org.openqa.selenium.NoSuchElementException: no such element: No node with given id found
  (Session info: chrome=119.0.6045.200)
For documentation on this error, please visit: https://www.selenium.dev/documentation/webdriver/troubleshooting/errors#no-such-element-exception
Build info: version: '4.13.0', revision: 'ba948ece5b*'
System info: os.name: 'Windows 11', os.arch: 'amd64', os.version: '10.0', java.version: '17.0.7'
Driver info: org.openqa.selenium.chrome.ChromeDriver
Command: [e8cef44679c5800c01135526bf763518, isElementDisplayed {id=1EF7C5D2E4F829821237386E65202EAB_element_69}]
Capabilities {acceptInsecureCerts: true, browserName: chrome, browserVersion: 119.0.6045.200, chrome: {chromedriverVersion: 119.0.6045.105 (38c72552c5e..., userDataDir: C:\WINDOWS\SystemTemp\scope...}, fedcm:accounts: true, goog:chromeOptions: {debuggerAddress: localhost:60555}, networkConnectionEnabled: false, pageLoadStrategy: none, platformName: windows, proxy: Proxy(), se:cdp: ws://localhost:60555/devtoo..., se:cdpVersion: 119.0.6045.200, setWindowRect: true, strictFileInteractability: false, timeouts: {implicit: 0, pageLoad: 30000, script: 30000}, unhandledPromptBehavior: ignore, webSocketUrl: ws://localhost:16965/sessio..., webauthn:extension:credBlob: true, webauthn:extension:largeBlob: true, webauthn:extension:minPinLength: true, webauthn:extension:prf: true, webauthn:virtualAuthenticators: true}
Element: [[ChromeDriver: chrome on windows (e8cef44679c5800c01135526bf763518)] -> xpath: //*[@id="nprogress"]/div[1]]
Session ID: e8cef44679c5800c01135526bf763518
 jdk.internal.reflect.GeneratedConstructorAccessor33.newInstance(Unknown Source)
 java.base/jdk.internal.reflect.DelegatingConstructorAccessorImpl.newInstance(DelegatingConstructorAccessorImpl.java:45)
 java.base/java.lang.reflect.Constructor.newInstanceWithCaller(Constructor.java:499)
 java.base/java.lang.reflect.Constructor.newInstance(Constructor.java:480)
 org.openqa.selenium.remote.codec.w3c.W3CHttpResponseCodec.createException(W3CHttpResponseCodec.java:200)
 org.openqa.selenium.remote.codec.w3c.W3CHttpResponseCodec.decode(W3CHttpResponseCodec.java:133)
 org.openqa.selenium.remote.codec.w3c.W3CHttpResponseCodec.decode(W3CHttpResponseCodec.java:52)
 org.openqa.selenium.remote.HttpCommandExecutor.execute(HttpCommandExecutor.java:191)
 org.openqa.selenium.remote.service.DriverCommandExecutor.invokeExecute(DriverCommandExecutor.java:196)
 org.openqa.selenium.remote.service.DriverCommandExecutor.execute(DriverCommandExecutor.java:171)
 org.openqa.selenium.remote.RemoteWebDriver.execute(RemoteWebDriver.java:602)
 org.openqa.selenium.remote.RemoteWebElement.execute(RemoteWebElement.java:224)
 org.openqa.selenium.remote.RemoteWebElement.isDisplayed(RemoteWebElement.java:283)
 java.base/jdk.internal.reflect.NativeMethodAccessorImpl.invoke0(Native Method)
 java.base/jdk.internal.reflect.NativeMethodAccessorImpl.invoke(NativeMethodAccessorImpl.java:77)
 java.base/jdk.internal.reflect.DelegatingMethodAccessorImpl.invoke(DelegatingMethodAccessorImpl.java:43)
 java.base/java.lang.reflect.Method.invoke(Method.java:568)
 org.openqa.selenium.support.decorators.WebDriverDecorator.call(WebDriverDecorator.java:249)
 org.openqa.selenium.support.decorators.DefaultDecorated.call(DefaultDecorated.java:48)
 org.openqa.selenium.support.decorators.WebDriverDecorator.lambda$createProxy$2(WebDriverDecorator.java:321)
 net.bytebuddy.renamed.java.lang.Object$ByteBuddy$0jcpHUDE.isDisplayed(Unknown Source)
 org.openqa.selenium.support.ui.ExpectedConditions.isInvisible(ExpectedConditions.java:1374)
 org.openqa.selenium.support.ui.ExpectedConditions.access$200(ExpectedConditions.java:37)
 org.openqa.selenium.support.ui.ExpectedConditions$48.apply(ExpectedConditions.java:1362)
 org.openqa.selenium.support.ui.ExpectedConditions$48.apply(ExpectedConditions.java:1358)
 org.openqa.selenium.support.ui.FluentWait.until(FluentWait.java:205)
 utils.Wait.waitInVisibilityOfProgressBar(Wait.java:65)
 pages.DashboardPage.clickOnTryEnhancedDashboardLink(DashboardPage.java:36)
 steps.TC65_DashboardDateComparison.tryNewEnhancedDashboard(TC65_DashboardDateComparison.java:42)
 java.base/jdk.internal.reflect.NativeMethodAccessorImpl.invoke0(Native Method)
 java.base/jdk.internal.reflect.NativeMethodAccessorImpl.invoke(NativeMethodAccessorImpl.java:77)
 java.base/jdk.internal.reflect.DelegatingMethodAccessorImpl.invoke(DelegatingMethodAccessorImpl.java:43)
 java.base/java.lang.reflect.Method.invoke(Method.java:568)
 io.cucumber.java.Invoker.doInvoke(Invoker.java:66)
 io.cucumber.java.Invoker.invoke(Invoker.java:24)
 io.cucumber.java.AbstractGlueDefinition.invokeMethod(AbstractGlueDefinition.java:47)
 io.cucumber.java.JavaStepDefinition.execute(JavaStepDefinition.java:29)
 io.cucumber.core.runner.CoreStepDefinition.execute(CoreStepDefinition.java:66)
 io.cucumber.core.runner.PickleStepDefinitionMatch.runStep(PickleStepDefinitionMatch.java:63)
 io.cucumber.core.runner.ExecutionMode$1.execute(ExecutionMode.java:10)
 io.cucumber.core.runner.TestStep.executeStep(TestStep.java:84)
 io.cucumber.core.runner.TestStep.run(TestStep.java:56)
 io.cucumber.core.runner.PickleStepTestStep.run(PickleStepTestStep.java:51)
 io.cucumber.core.runner.TestCase.run(TestCase.java:84)
 io.cucumber.core.runner.Runner.runPickle(Runner.java:75)
 io.cucumber.testng.TestNGCucumberRunner.lambda$runScenario$1(TestNGCucumberRunner.java:132)
 io.cucumber.core.runtime.CucumberExecutionContext.lambda$runTestCase$5(CucumberExecutionContext.java:137)
 io.cucumber.core.runtime.RethrowingThrowableCollector.executeAndThrow(RethrowingThrowableCollector.java:23)
 io.cucumber.core.runtime.CucumberExecutionContext.runTestCase(CucumberExecutionContext.java:137)
 io.cucumber.testng.TestNGCucumberRunner.runScenario(TestNGCucumberRunner.java:129)
 io.cucumber.testng.AbstractTestNGCucumberTests.runScenario(AbstractTestNGCucumberTests.java:35)
 java.base/jdk.internal.reflect.NativeMethodAccessorImpl.invoke0(Native Method)
 java.base/jdk.internal.reflect.NativeMethodAccessorImpl.invoke(NativeMethodAccessorImpl.java:77)
 java.base/jdk.internal.reflect.DelegatingMethodAccessorImpl.invoke(DelegatingMethodAccessorImpl.java:43)
 java.base/java.lang.reflect.Method.invoke(Method.java:568)
 org.testng.internal.invokers.MethodInvocationHelper.invokeMethod(MethodInvocationHelper.java:139)
 org.testng.internal.invokers.TestInvoker.invokeMethod(TestInvoker.java:664)
 org.testng.internal.invokers.TestInvoker.invokeTestMethod(TestInvoker.java:227)
 org.testng.internal.invokers.MethodRunner.runInSequence(MethodRunner.java:50)
 org.testng.internal.invokers.TestInvoker$MethodInvocationAgent.invoke(TestInvoker.java:957)
 org.testng.internal.invokers.TestInvoker.invokeTestMethods(TestInvoker.java:200)
 org.testng.internal.invokers.TestMethodWorker.invokeTestMethods(TestMethodWorker.java:148)
 org.testng.internal.invokers.TestMethodWorker.run(TestMethodWorker.java:128)
 java.base/java.util.concurrent.ThreadPoolExecutor.runWorker(ThreadPoolExecutor.java:1136)
 java.base/java.util.concurrent.ThreadPoolExecutor$Worker.run(ThreadPoolExecutor.java:635)
 java.base/java.lang.Thread.run(Thread.java:833) &amp#27;[m&amp#27;[90m| com.shaft.tools.io.ReportManager&amp#27;[m &amp#27;[90m- TestNG-test=cucumber test runner-1&amp#27;[m &amp#27;[90m- 03:26:38 PM&amp#27;[m 
&amp#27;[38;2;0;96;168;1m[INFO]&amp#27;[m &amp#27;[mClick element. &amp#27;[m&amp#27;[90m| com.shaft.tools.io.ReportManager&amp#27;[m &amp#27;[90m- TestNG-test=cucumber test runner-1&amp#27;[m &amp#27;[90m- 03:26:38 PM&amp#27;[m 
&amp#27;[38;2;0;96;168;1m[INFO]&amp#27;[m &amp#27;[mExpected condition failed: waiting for com.shaft.listeners.internal.WebDriverListener$$Lambda$1158/0x0000000801306a60@33438717 (tried for 0 second(s) with 100 milliseconds interval) || no such element: Unable to locate element: {"method":"xpath","selector":"//*[@id="nprogress"]/div[1]"} &amp#27;[m&amp#27;[90m| com.shaft.tools.io.ReportManager&amp#27;[m &amp#27;[90m- TestNG-test=cucumber test runner-1&amp#27;[m &amp#27;[90m- 03:26:38 PM&amp#27;[m 
&amp#27;[33;1m[WARN]&amp#27;[m &amp#27;[mDec 07, 2023 3:26:38 PM org.openqa.selenium.support.events.EventFiringDecorator callListenerMethod &amp#27;[m&amp#27;[90m| com.shaft.tools.io.ReportManager&amp#27;[m &amp#27;[90m- TestNG-test=cucumber test runner-1&amp#27;[m &amp#27;[90m- 03:26:38 PM&amp#27;[m 
&amp#27;[33;1m[WARN]&amp#27;[m &amp#27;[mWARNING: null &amp#27;[m&amp#27;[90m| com.shaft.tools.io.ReportManager&amp#27;[m &amp#27;[90m- TestNG-test=cucumber test runner-1&amp#27;[m &amp#27;[90m- 03:26:38 PM&amp#27;[m 
&amp#27;[33;1m[WARN]&amp#27;[m &amp#27;[mjava.lang.reflect.InvocationTargetException &amp#27;[m&amp#27;[90m| com.shaft.tools.io.ReportManager&amp#27;[m &amp#27;[90m- TestNG-test=cucumber test runner-1&amp#27;[m &amp#27;[90m- 03:26:38 PM&amp#27;[m 
&amp#27;[33;1m[WARN]&amp#27;[m &amp#27;[m	at java.base/jdk.internal.reflect.NativeMethodAccessorImpl.invoke0(Native Method) &amp#27;[m&amp#27;[90m| com.shaft.tools.io.ReportManager&amp#27;[m &amp#27;[90m- TestNG-test=cucumber test runner-1&amp#27;[m &amp#27;[90m- 03:26:38 PM&amp#27;[m 
&amp#27;[33;1m[WARN]&amp#27;[m &amp#27;[m	at java.base/jdk.internal.reflect.NativeMethodAccessorImpl.invoke(NativeMethodAccessorImpl.java:77) &amp#27;[m&amp#27;[90m| com.shaft.tools.io.ReportManager&amp#27;[m &amp#27;[90m- TestNG-test=cucumber test runner-1&amp#27;[m &amp#27;[90m- 03:26:38 PM&amp#27;[m 
&amp#27;[33;1m[WARN]&amp#27;[m &amp#27;[m	at java.base/jdk.internal.reflect.DelegatingMethodAccessorImpl.invoke(DelegatingMethodAccessorImpl.java:43) &amp#27;[m&amp#27;[90m| com.shaft.tools.io.ReportManager&amp#27;[m &amp#27;[90m- TestNG-test=cucumber test runner-1&amp#27;[m &amp#27;[90m- 03:26:38 PM&amp#27;[m 
&amp#27;[33;1m[WARN]&amp#27;[m &amp#27;[m	at java.base/java.lang.reflect.Method.invoke(Method.java:568) &amp#27;[m&amp#27;[90m| com.shaft.tools.io.ReportManager&amp#27;[m &amp#27;[90m- TestNG-test=cucumber test runner-1&amp#27;[m &amp#27;[90m- 03:26:38 PM&amp#27;[m 
&amp#27;[33;1m[WARN]&amp#27;[m &amp#27;[m	at org.openqa.selenium.support.events.EventFiringDecorator.callListenerMethod(EventFiringDecorator.java:328) &amp#27;[m&amp#27;[90m| com.shaft.tools.io.ReportManager&amp#27;[m &amp#27;[90m- TestNG-test=cucumber test runner-1&amp#27;[m &amp#27;[90m- 03:26:38 PM&amp#27;[m 
&amp#27;[33;1m[WARN]&amp#27;[m &amp#27;[m	at org.openqa.selenium.support.events.EventFiringDecorator.fireBeforeEvents(EventFiringDecorator.java:245) &amp#27;[m&amp#27;[90m| com.shaft.tools.io.ReportManager&amp#27;[m &amp#27;[90m- TestNG-test=cucumber test runner-1&amp#27;[m &amp#27;[90m- 03:26:38 PM&amp#27;[m 
&amp#27;[33;1m[WARN]&amp#27;[m &amp#27;[m	at org.openqa.selenium.support.events.EventFiringDecorator.lambda$beforeCall$0(EventFiringDecorator.java:181) &amp#27;[m&amp#27;[90m| com.shaft.tools.io.ReportManager&amp#27;[m &amp#27;[90m- TestNG-test=cucumber test runner-1&amp#27;[m &amp#27;[90m- 03:26:38 PM&amp#27;[m 
&amp#27;[33;1m[WARN]&amp#27;[m &amp#27;[m	at java.base/java.util.Arrays$ArrayList.forEach(Arrays.java:4204) &amp#27;[m&amp#27;[90m| com.shaft.tools.io.ReportManager&amp#27;[m &amp#27;[90m- TestNG-test=cucumber test runner-1&amp#27;[m &amp#27;[90m- 03:26:38 PM&amp#27;[m 
&amp#27;[33;1m[WARN]&amp#27;[m &amp#27;[m	at org.openqa.selenium.support.events.EventFiringDecorator.beforeCall(EventFiringDecorator.java:181) &amp#27;[m&amp#27;[90m| com.shaft.tools.io.ReportManager&amp#27;[m &amp#27;[90m- TestNG-test=cucumber test runner-1&amp#27;[m &amp#27;[90m- 03:26:38 PM&amp#27;[m 
&amp#27;[33;1m[WARN]&amp#27;[m &amp#27;[m	at org.openqa.selenium.support.decorators.DefaultDecorated.beforeCall(DefaultDecorated.java:43) &amp#27;[m&amp#27;[90m| com.shaft.tools.io.ReportManager&amp#27;[m &amp#27;[90m- TestNG-test=cucumber test runner-1&amp#27;[m &amp#27;[90m- 03:26:38 PM&amp#27;[m 
&amp#27;[33;1m[WARN]&amp#27;[m &amp#27;[m	at org.openqa.selenium.support.decorators.WebDriverDecorator.lambda$createProxy$2(WebDriverDecorator.java:320) &amp#27;[m&amp#27;[90m| com.shaft.tools.io.ReportManager&amp#27;[m &amp#27;[90m- TestNG-test=cucumber test runner-1&amp#27;[m &amp#27;[90m- 03:26:38 PM&amp#27;[m 
&amp#27;[33;1m[WARN]&amp#27;[m &amp#27;[m	at net.bytebuddy.renamed.java.lang.Object$ByteBuddy$IPeWUaAS.findElement(Unknown Source) &amp#27;[m&amp#27;[90m| com.shaft.tools.io.ReportManager&amp#27;[m &amp#27;[90m- TestNG-test=cucumber test runner-1&amp#27;[m &amp#27;[90m- 03:26:38 PM&amp#27;[m 
[...]
 java.base/java.lang.reflect.Method.invoke(Method.java:568)
 org.openqa.selenium.support.decorators.WebDriverDecorator.call(WebDriverDecorator.java:249)
 org.openqa.selenium.support.decorators.DefaultDecorated.call(DefaultDecorated.java:48)
 org.openqa.selenium.support.decorators.WebDriverDecorator.lambda$createProxy$2(WebDriverDecorator.java:321)
 net.bytebuddy.renamed.java.lang.Object$ByteBuddy$V6Y9M04e.isDisplayed(Unknown Source)
 org.openqa.selenium.support.ui.ExpectedConditions.isInvisible(ExpectedConditions.java:1374)
 org.openqa.selenium.support.ui.ExpectedConditions.access$200(ExpectedConditions.java:37)
 org.openqa.selenium.support.ui.ExpectedConditions$48.apply(ExpectedConditions.java:1362)
 org.openqa.selenium.support.ui.ExpectedConditions$48.apply(ExpectedConditions.java:1358)
 org.openqa.selenium.support.ui.FluentWait.until(FluentWait.java:205)
 utils.Wait.waitInVisibilityOfProgressBar(Wait.java:65)
 pages.EnhancedDashboardPage.clickOnCompareToggle(EnhancedDashboardPage.java:90)
 steps.TC65_DashboardDateComparison.clickCompareToggle(TC65_DashboardDateComparison.java:80)
 java.base/jdk.internal.reflect.NativeMethodAccessorImpl.invoke0(Native Method)
 java.base/jdk.internal.reflect.NativeMethodAccessorImpl.invoke(NativeMethodAccessorImpl.java:77)
 java.base/jdk.internal.reflect.DelegatingMethodAccessorImpl.invoke(DelegatingMethodAccessorImpl.java:43)
 java.base/java.lang.reflect.Method.invoke(Method.java:568)
 io.cucumber.java.Invoker.doInvoke(Invoker.java:66)
 io.cucumber.java.Invoker.invoke(Invoker.java:24)
 io.cucumber.java.AbstractGlueDefinition.invokeMethod(AbstractGlueDefinition.java:47)
 io.cucumber.java.JavaStepDefinition.execute(JavaStepDefinition.java:29)
 io.cucumber.core.runner.CoreStepDefinition.execute(CoreStepDefinition.java:66)
 io.cucumber.core.runner.PickleStepDefinitionMatch.runStep(PickleStepDefinitionMatch.java:63)
 io.cucumber.core.runner.ExecutionMode$1.execute(ExecutionMode.java:10)
 io.cucumber.core.runner.TestStep.executeStep(TestStep.java:84)
 io.cucumber.core.runner.TestStep.run(TestStep.java:56)
 io.cucumber.core.runner.PickleStepTestStep.run(PickleStepTestStep.java:51)
 io.cucumber.core.runner.TestCase.run(TestCase.java:84)
 io.cucumber.core.runner.Runner.runPickle(Runner.java:75)
 io.cucumber.testng.TestNGCucumberRunner.lambda$runScenario$1(TestNGCucumberRunner.java:132)
 io.cucumber.core.runtime.CucumberExecutionContext.lambda$runTestCase$5(CucumberExecutionContext.java:137)
 io.cucumber.core.runtime.RethrowingThrowableCollector.executeAndThrow(RethrowingThrowableCollector.java:23)
 io.cucumber.core.runtime.CucumberExecutionContext.runTestCase(CucumberExecutionContext.java:137)
 io.cucumber.testng.TestNGCucumberRunner.runScenario(TestNGCucumberRunner.java:129)
 io.cucumber.testng.AbstractTestNGCucumberTests.runScenario(AbstractTestNGCucumberTests.java:35)
 java.base/jdk.internal.reflect.NativeMethodAccessorImpl.invoke0(Native Method)
 java.base/jdk.internal.reflect.NativeMethodAccessorImpl.invoke(NativeMethodAccessorImpl.java:77)
 java.base/jdk.internal.reflect.DelegatingMethodAccessorImpl.invoke(DelegatingMethodAccessorImpl.java:43)
 java.base/java.lang.reflect.Method.invoke(Method.java:568)
 org.testng.internal.invokers.MethodInvocationHelper.invokeMethod(MethodInvocationHelper.java:139)
 org.testng.internal.invokers.TestInvoker.invokeMethod(TestInvoker.java:664)
 org.testng.internal.invokers.TestInvoker.invokeTestMethod(TestInvoker.java:227)
 org.testng.internal.invokers.MethodRunner.runInSequence(MethodRunner.java:50)
 org.testng.internal.invokers.TestInvoker$MethodInvocationAgent.invoke(TestInvoker.java:957)
 org.testng.internal.invokers.TestInvoker.invokeTestMethods(TestInvoker.java:200)
 org.testng.internal.invokers.TestMethodWorker.invokeTestMethods(TestMethodWorker.java:148)
 org.testng.internal.invokers.TestMethodWorker.run(TestMethodWorker.java:128)
 java.base/java.util.concurrent.ThreadPoolExecutor.runWorker(ThreadPoolExecutor.java:1136)
 java.base/java.util.concurrent.ThreadPoolExecutor$Worker.run(ThreadPoolExecutor.java:635)
 java.base/java.lang.Thread.run(Thread.java:833)

Caused by: org.openqa.selenium.StaleElementReferenceException: stale element reference: stale element not found
  (Session info: chrome=119.0.6045.200)
For documentation on this error, please visit: https://www.selenium.dev/documentation/webdriver/troubleshooting/errors#stale-element-reference-exception
Build info: version: '4.13.0', revision: 'ba948ece5b*'
System info: os.name: 'Windows 11', os.arch: 'amd64', os.version: '10.0', java.version: '17.0.7'
Driver info: org.openqa.selenium.chrome.ChromeDriver
Command: [e8cef44679c5800c01135526bf763518, isElementDisplayed {id=1EF7C5D2E4F829821237386E65202EAB_element_565}]
Capabilities {acceptInsecureCerts: true, browserName: chrome, browserVersion: 119.0.6045.200, chrome: {chromedriverVersion: 119.0.6045.105 (38c72552c5e..., userDataDir: C:\WINDOWS\SystemTemp\scope...}, fedcm:accounts: true, goog:chromeOptions: {debuggerAddress: localhost:60555}, networkConnectionEnabled: false, pageLoadStrategy: none, platformName: windows, proxy: Proxy(), se:cdp: ws://localhost:60555/devtoo..., se:cdpVersion: 119.0.6045.200, setWindowRect: true, strictFileInteractability: false, timeouts: {implicit: 0, pageLoad: 30000, script: 30000}, unhandledPromptBehavior: ignore, webSocketUrl: ws://localhost:16965/sessio..., webauthn:extension:credBlob: true, webauthn:extension:largeBlob: true, webauthn:extension:minPinLength: true, webauthn:extension:prf: true, webauthn:virtualAuthenticators: true}
Element: [[ChromeDriver: chrome on windows (e8cef44679c5800c01135526bf763518)] -> xpath: //*[@id="nprogress"]/div[1]]
Session ID: e8cef44679c5800c01135526bf763518
 java.base/jdk.internal.reflect.NativeConstructorAccessorImpl.newInstance0(Native Method)
 java.base/jdk.internal.reflect.NativeConstructorAccessorImpl.newInstance(NativeConstructorAccessorImpl.java:77)
 java.base/jdk.internal.reflect.DelegatingConstructorAccessorImpl.newInstance(DelegatingConstructorAccessorImpl.java:45)
 java.base/java.lang.reflect.Constructor.newInstanceWithCaller(Constructor.java:499)
 java.base/java.lang.reflect.Constructor.newInstance(Constructor.java:480)
 org.openqa.selenium.remote.codec.w3c.W3CHttpResponseCodec.createException(W3CHttpResponseCodec.java:200)
 org.openqa.selenium.remote.codec.w3c.W3CHttpResponseCodec.decode(W3CHttpResponseCodec.java:133)
 org.openqa.selenium.remote.codec.w3c.W3CHttpResponseCodec.decode(W3CHttpResponseCodec.java:52)
 org.openqa.selenium.remote.HttpCommandExecutor.execute(HttpCommandExecutor.java:191)
 org.openqa.selenium.remote.service.DriverCommandExecutor.invokeExecute(DriverCommandExecutor.java:196)
 org.openqa.selenium.remote.service.DriverCommandExecutor.execute(DriverCommandExecutor.java:171)
 org.openqa.selenium.remote.RemoteWebDriver.execute(RemoteWebDriver.java:602)
 org.openqa.selenium.remote.RemoteWebElement.execute(RemoteWebElement.java:224)
 org.openqa.selenium.remote.RemoteWebElement.isDisplayed(RemoteWebElement.java:283)
 jdk.internal.reflect.GeneratedMethodAccessor32.invoke(Unknown Source)
 java.base/jdk.internal.reflect.DelegatingMethodAccessorImpl.invoke(DelegatingMethodAccessorImpl.java:43)
 java.base/java.lang.reflect.Method.invoke(Method.java:568)
 org.openqa.selenium.support.decorators.WebDriverDecorator.call(WebDriverDecorator.java:249)
 org.openqa.selenium.support.decorators.DefaultDecorated.call(DefaultDecorated.java:48)
 org.openqa.selenium.support.decorators.WebDriverDecorator.lambda$createProxy$2(WebDriverDecorator.java:321)
 net.bytebuddy.renamed.java.lang.Object$ByteBuddy$V6Y9M04e.isDisplayed(Unknown Source)
 org.openqa.selenium.support.ui.ExpectedConditions.isInvisible(ExpectedConditions.java:1374)
 org.openqa.selenium.support.ui.ExpectedConditions.access$200(ExpectedConditions.java:37)
 org.openqa.selenium.support.ui.ExpectedConditions$48.apply(ExpectedConditions.java:1362)
 org.openqa.selenium.support.ui.ExpectedConditions$48.apply(ExpectedConditions.java:1358)
 org.openqa.selenium.support.ui.FluentWait.until(FluentWait.java:205)
 utils.Wait.waitInVisibilityOfProgressBar(Wait.java:65)
 pages.EnhancedDashboardPage.clickOnCompareToggle(EnhancedDashboardPage.java:90)
 steps.TC65_DashboardDateComparison.clickCompareToggle(TC65_DashboardDateComparison.java:80)
 java.base/jdk.internal.reflect.NativeMethodAccessorImpl.invoke0(Native Method)
 java.base/jdk.internal.reflect.NativeMethodAccessorImpl.invoke(NativeMethodAccessorImpl.java:77)
 java.base/jdk.internal.reflect.DelegatingMethodAccessorImpl.invoke(DelegatingMethodAccessorImpl.java:43)
 java.base/java.lang.reflect.Method.invoke(Method.java:568)
 io.cucumber.java.Invoker.doInvoke(Invoker.java:66)
 io.cucumber.java.Invoker.invoke(Invoker.java:24)
 io.cucumber.java.AbstractGlueDefinition.invokeMethod(AbstractGlueDefinition.java:47)
 io.cucumber.java.JavaStepDefinition.execute(JavaStepDefinition.java:29)
 io.cucumber.core.runner.CoreStepDefinition.execute(CoreStepDefinition.java:66)
 io.cucumber.core.runner.PickleStepDefinitionMatch.runStep(PickleStepDefinitionMatch.java:63)
 io.cucumber.core.runner.ExecutionMode$1.execute(ExecutionMode.java:10)
 io.cucumber.core.runner.TestStep.executeStep(TestStep.java:84)
 io.cucumber.core.runner.TestStep.run(TestStep.java:56)
 io.cucumber.core.runner.PickleStepTestStep.run(PickleStepTestStep.java:51)
 io.cucumber.core.runner.TestCase.run(TestCase.java:84)
 io.cucumber.core.runner.Runner.runPickle(Runner.java:75)
 io.cucumber.testng.TestNGCucumberRunner.lambda$runScenario$1(TestNGCucumberRunner.java:132)
 io.cucumber.core.runtime.CucumberExecutionContext.lambda$runTestCase$5(CucumberExecutionContext.java:137)
 io.cucumber.core.runtime.RethrowingThrowableCollector.executeAndThrow(RethrowingThrowableCollector.java:23)
 io.cucumber.core.runtime.CucumberExecutionContext.runTestCase(CucumberExecutionContext.java:137)
 io.cucumber.testng.TestNGCucumberRunner.runScenario(TestNGCucumberRunner.java:129)
 io.cucumber.testng.AbstractTestNGCucumberTests.runScenario(AbstractTestNGCucumberTests.java:35)
 java.base/jdk.internal.reflect.NativeMethodAccessorImpl.invoke0(Native Method)
 java.base/jdk.internal.reflect.NativeMethodAccessorImpl.invoke(NativeMethodAccessorImpl.java:77)
 java.base/jdk.internal.reflect.DelegatingMethodAccessorImpl.invoke(DelegatingMethodAccessorImpl.java:43)
 java.base/java.lang.reflect.Method.invoke(Method.java:568)
 org.testng.internal.invokers.MethodInvocationHelper.invokeMethod(MethodInvocationHelper.java:139)
 org.testng.internal.invokers.TestInvoker.invokeMethod(TestInvoker.java:664)
 org.testng.internal.invokers.TestInvoker.invokeTestMethod(TestInvoker.java:227)
 org.testng.internal.invokers.MethodRunner.runInSequence(MethodRunner.java:50)
 org.testng.internal.invokers.TestInvoker$MethodInvocationAgent.invoke(TestInvoker.java:957)
 org.testng.internal.invokers.TestInvoker.invokeTestMethods(TestInvoker.java:200)
 org.testng.internal.invokers.TestMethodWorker.invokeTestMethods(TestMethodWorker.java:148)
 org.testng.internal.invokers.TestMethodWorker.run(TestMethodWorker.java:128)
 java.base/java.util.concurrent.ThreadPoolExecutor.runWorker(ThreadPoolExecutor.java:1136)
 java.base/java.util.concurrent.ThreadPoolExecutor$Worker.run(ThreadPoolExecutor.java:635)
 java.base/java.lang.Thread.run(Thread.java:833) &amp#27;[m&amp#27;[90m| com.shaft.tools.io.ReportManager&amp#27;[m &amp#27;[90m- TestNG-test=cucumber test runner-1&amp#27;[m &amp#27;[90m- 03:26:50 PM&amp#27;[m 
&amp#27;[38;2;0;96;168;1m[INFO]&amp#27;[m &amp#27;[mSuccessfully created attachment 'Screenshot - 1701955610765_runScenario_Get text_passed' &amp#27;[m&amp#27;[90m| com.shaft.tools.io.ReportManager&amp#27;[m &amp#27;[90m- TestNG-test=cucumber test runner-1&amp#27;[m &amp#27;[90m- 03:26:50 PM&amp#27;[m 
&amp#27;[38;2;0;96;168;1m[INFO]&amp#27;[m &amp#27;[m  &amp#27;[32mAnd &amp#27;[0m&amp#27;[32mClick Compare Toggle&amp#27;[0m                                                                                                &amp#27;[90m# steps.TC65_DashboardDateComparison.clickCompareToggle()&amp#27;[0m &amp#27;[m&amp#27;[90m| com.shaft.tools.io.ReportManager&amp#27;[m &amp#27;[90m- TestNG-test=cucumber test runner-1&amp#27;[m &amp#27;[90m- 03:26:50 PM&amp#27;[m 
&amp#27;[38;2;0;96;168;1m[INFO]&amp#27;[m &amp#27;[mScenario Step: Then Compare Toggle is switched on and Comparison Date is displayed &amp#27;[m&amp#27;[90m| com.shaft.tools.io.ReportManager&amp#27;[m &amp#27;[90m- TestNG-test=cucumber test runner-1&amp#27;[m &amp#27;[90m- 03:26:50 PM&amp#27;[m 
&amp#27;[38;2;0;96;168;1m[INFO]&amp#27;[m &amp#27;[mAttempting to getAttribute "class" from elementLocator "By.tagName: label". &amp#27;[m&amp#27;[90m| com.shaft.tools.io.ReportManager&amp#27;[m &amp#27;[90m- TestNG-test=cucumber test runner-1&amp#27;[m &amp#27;[90m- 03:26:50 PM&amp#27;[m 
&amp#27;[38;2;0;96;168;1m[INFO]&amp#27;[m &amp#27;[mGet attribute "toggle isChecked" from "By.tagName: label". &amp#27;[m&amp#27;[90m| com.shaft.tools.io.ReportManager&amp#27;[m &amp#27;[90m- TestNG-test=cucumber test runner-1&amp#27;[m &amp#27;[90m- 03:26:51 PM&amp#27;[m 
&amp#27;[38;2;0;96;168;1m[INFO]&amp#27;[m &amp#27;[mSuccessfully created attachment 'Screenshot - 1701955611259_runScenario_Get attribute_passed' &amp#27;[m&amp#27;[90m| com.shaft.tools.io.ReportManager&amp#27;[m &amp#27;[90m- TestNG-test=cucumber test runner-1&amp#27;[m &amp#27;[90m- 03:26:51 PM&amp#27;[m 
&amp#27;[38;2;0;96;168;1m[INFO]&amp#27;[m &amp#27;[mExpected "toggle isChecked", and actual "toggle isChecked" &amp#27;[m&amp#27;[90m| com.shaft.tools.io.ReportManager&amp#27;[m &amp#27;[90m- TestNG-test=cucumber test runner-1&amp#27;[m &amp#27;[90m- 03:26:51 PM&amp#27;[m 
&amp#27;[38;2;0;96;168;1m[INFO]&amp#27;[m &amp#27;[mAssertion "ValidateElementAttribute" PASSED. Expected "Value Should be 'toggle isChecked' for the 'class' attribute, element locator 'By.tagName: label'" and Actual "toggle isChecked". Comparison Type "EQUALS". Validation Type "POSITIVE". &amp#27;[m&amp#27;[90m| com.shaft.tools.io.ReportManager&amp#27;[m &amp#27;[90m- TestNG-test=cucumber test runner-1&amp#27;[m &amp#27;[90m- 03:26:51 PM&amp#27;[m 
&amp#27;[38;2;0;96;168;1m[INFO]&amp#27;[m &amp#27;[mSuccessfully created attachment 'Screenshot - 1701955611624_runScenario_ValidateElementAttribute_passed' &amp#27;[m&amp#27;[90m| com.shaft.tools.io.ReportManager&amp#27;[m &amp#27;[90m- TestNG-test=cucumber test runner-1&amp#27;[m &amp#27;[90m- 03:26:51 PM&amp#27;[m 
&amp#27;[38;2;0;96;168;1m[INFO]&amp#27;[m &amp#27;[mAttempting to getAttribute "hidden" from elementLocator "By.xpath: (//button[@id='datepicker.trigger'])[2]". &amp#27;[m&amp#27;[90m| com.shaft.tools.io.ReportManager&amp#27;[m &amp#27;[90m- TestNG-test=cucumber test runner-1&amp#27;[m &amp#27;[90m- 03:26:51 PM&amp#27;[m 
&amp#27;[38;2;0;96;168;1m[INFO]&amp#27;[m &amp#27;[mGet attribute from "2023-12-06 calendar_today". &amp#27;[m&amp#27;[90m| com.shaft.tools.io.ReportManager&amp#27;[m &amp#27;[90m- TestNG-test=cucumber test runner-1&amp#27;[m &amp#27;[90m- 03:26:52 PM&amp#27;[m 
&amp#27;[38;2;0;96;168;1m[INFO]&amp#27;[m &amp#27;[mSuccessfully created attachment 'Screenshot - 1701955612331_runScenario_Get attribute_passed' &amp#27;[m&amp#27;[90m| com.shaft.tools.io.ReportManager&amp#27;[m &amp#27;[90m- TestNG-test=cucumber test runner-1&amp#27;[m &amp#27;[90m- 03:26:52 PM&amp#27;[m 
&amp#27;[38;2;0;96;168;1m[INFO]&amp#27;[m &amp#27;[mExpected "null", and actual "null" &amp#27;[m&amp#27;[90m| com.shaft.tools.io.ReportManager&amp#27;[m &amp#27;[90m- TestNG-test=cucumber test runner-1&amp#27;[m &amp#27;[90m- 03:26:52 PM&amp#27;[m 
&amp#27;[38;2;0;96;168;1m[INFO]&amp#27;[m &amp#27;[mAssertion "ValidateElementAttribute" PASSED. Expected "Value Should be 'null' for the 'hidden' attribute, element locator 'By.xpath: (//button[@id='datepicker.trigger'])[2]'" and Actual "null". Comparison Type "EQUALS". Validation Type "POSITIVE". &amp#27;[m&amp#27;[90m| com.shaft.tools.io.ReportManager&amp#27;[m &amp#27;[90m- TestNG-test=cucumber test runner-1&amp#27;[m &amp#27;[90m- 03:26:52 PM&amp#27;[m 
&amp#27;[38;2;0;96;168;1m[INFO]&amp#27;[m &amp#27;[mSuccessfully created attachment 'Screenshot - 1701955612817_runScenario_ValidateElementAttribute_passed' &amp#27;[m&amp#27;[90m| com.shaft.tools.io.ReportManager&amp#27;[m &amp#27;[90m- TestNG-test=cucumber test runner-1&amp#27;[m &amp#27;[90m- 03:26:52 PM&amp#27;[m 
&amp#27;[38;2;0;96;168;1m[INFO]&amp#27;[m &amp#27;[m  &amp#27;[32mThen &amp#27;[0m&amp#27;[32mCompare Toggle is switched on and Comparison Date is displayed&amp#27;[0m                                                     &amp#27;[90m# steps.TC65_DashboardDateComparison.compareToggleIsSwitchedOnAndComparisonDateIsDisplayed()&amp#27;[0m &amp#27;[m&amp#27;[90m| com.shaft.tools.io.ReportManager&amp#27;[m &amp#27;[90m- TestNG-test=cucumber test runner-1&amp#27;[m &amp#27;[90m- 03:26:52 PM&amp#27;[m 
&amp#27;[38;2;0;96;168;1m[INFO]&amp#27;[m &amp#27;[mScenario Step: And All charts are fully loaded &amp#27;[m&amp#27;[90m| com.shaft.tools.io.ReportManager&amp#27;[m &amp#27;[90m- TestNG-test=cucumber test runner-1&amp#27;[m &amp#27;[90m- 03:26:52 PM&amp#27;[m 
&amp#27;[38;2;0;96;168;1m[INFO]&amp#27;[m &amp#27;[mExpected condition failed: waiting for com.shaft.gui.element.internal.ElementActionsHelper$$Lambda$1141/0x00000008012458b8@36110321 (tried for 30 second(s) with 100 milliseconds interval) || no such element: Unable to locate element: {"method":"xpath","selector":"//div[contains(@class,'inset-0 absolute')]"} &amp#27;[m&amp#27;[90m| com.shaft.tools.io.ReportManager&amp#27;[m &amp#27;[90m- TestNG-test=cucumber test runner-1&amp#27;[m &amp#27;[90m- 03:27:22 PM&amp#27;[m 
&amp#27;[38;2;0;96;168;1m[INFO]&amp#27;[m &amp#27;[mAssertion "ValidateElementExists" PASSED. Expected "Element Should not Exist, locator 'By.xpath: //div[contains(@class,'inset-0 absolute')]'" and Actual "Element Doesn't Exists". Comparison Type "EQUALS". Validation Type "NEGATIVE". &amp#27;[m&amp#27;[90m| com.shaft.tools.io.ReportManager&amp#27;[m &amp#27;[90m- TestNG-test=cucumber test runner-1&amp#27;[m &amp#27;[90m- 03:27:23 PM&amp#27;[m 
&amp#27;[38;2;0;96;168;1m[INFO]&amp#27;[m &amp#27;[mSuccessfully created attachment 'Screenshot - 1701955643074_runScenario_ValidateElementExists_passed' &amp#27;[m&amp#27;[90m| com.shaft.tools.io.ReportManager&amp#27;[m &amp#27;[90m- TestNG-test=cucumber test runner-1&amp#27;[m &amp#27;[90m- 03:27:23 PM&amp#27;[m 
&amp#27;[38;2;0;96;168;1m[INFO]&amp#27;[m &amp#27;[m  &amp#27;[32mAnd &amp#27;[0m&amp#27;[32mAll charts are fully loaded&amp#27;[0m                                                                                         &amp#27;[90m# steps.TC65_DashboardDateComparison.allChartsAreFullyLoaded()&amp#27;[0m &amp#27;[m&amp#27;[90m| com.shaft.tools.io.ReportManager&amp#27;[m &amp#27;[90m- TestNG-test=cucumber test runner-1&amp#27;[m &amp#27;[90m- 03:27:23 PM&amp#27;[m 
&amp#27;[38;2;0;96;168;1m[INFO]&amp#27;[m &amp#27;[mScenario Hook: AFTER &amp#27;[m&amp#27;[90m| com.shaft.tools.io.ReportManager&amp#27;[m &amp#27;[90m- TestNG-test=cucumber test runner-1&amp#27;[m &amp#27;[90m- 03:27:23 PM&amp#27;[m 
&amp#27;[38;2;0;96;168;1m[INFO]&amp#27;[m &amp#27;[mSuccessfully Closed Driver. &amp#27;[m&amp#27;[90m| com.shaft.tools.io.ReportManager&amp#27;[m &amp#27;[90m- TestNG-test=cucumber test runner-1&amp#27;[m &amp#27;[90m- 03:27:23 PM&amp#27;[m 
&amp#27;[31;1m[ERROR]&amp#27;[m &amp#27;[mCould not add attachment: no test is running &amp#27;[m&amp#27;[90m| io.qameta.allure.AllureLifecycle&amp#27;[m &amp#27;[90m- TestNG-test=cucumber test runner-1&amp#27;[m &amp#27;[90m- 03:27:23 PM&amp#27;[m 
&amp#27;[38;2;0;96;168;1m[INFO]&amp#27;[m &amp#27;[mSuccessfully created attachment 'SHAFT Engine Logs - Current Method log: runScenario' &amp#27;[m&amp#27;[90m| com.shaft.tools.io.ReportManager&amp#27;[m &amp#27;[90m- TestNG-test=cucumber test runner-1&amp#27;[m &amp#27;[90m- 03:27:23 PM&amp#27;[m 
]]></system-out>
  </testcase>
</testsuite>